#! /c/Source/iverilog-install/bin/vvp
:ivl_version "12.0 (devel)" "(s20150603-1110-g18392a46)";
:ivl_delay_selection "TYPICAL";
:vpi_time_precision + 0;
:vpi_module "C:\iverilog\lib\ivl\system.vpi";
:vpi_module "C:\iverilog\lib\ivl\vhdl_sys.vpi";
:vpi_module "C:\iverilog\lib\ivl\vhdl_textio.vpi";
:vpi_module "C:\iverilog\lib\ivl\v2005_math.vpi";
:vpi_module "C:\iverilog\lib\ivl\va_math.vpi";
S_000001a8eb662020 .scope module, "SanitizerWarmup" "SanitizerWarmup" 2 1;
 .timescale 0 0;
o000001a8eb67c738 .functor BUFZ 32, C4<zzzzzzzzzzzzzzzzzzzzzzzzzzzzzzzz>; HiZ drive
v000001a8eb6d70a0_0 .net "a", 31 0, o000001a8eb67c738;  0 drivers
o000001a8eb67c768 .functor BUFZ 32, C4<zzzzzzzzzzzzzzzzzzzzzzzzzzzzzzzz>; HiZ drive
v000001a8eb6d7140_0 .net "b", 31 0, o000001a8eb67c768;  0 drivers
o000001a8eb67c798 .functor BUFZ 1, C4<z>; HiZ drive
v000001a8eb6d78c0_0 .net "clock", 0 0, o000001a8eb67c798;  0 drivers
o000001a8eb67d0c8 .functor BUFZ 1, C4<z>; HiZ drive
v000001a8eb6da0e0_0 .net "inp", 0 0, o000001a8eb67d0c8;  0 drivers
v000001a8eb6da900_0 .net "outp", 1 0, L_000001a8eb6d9f00;  1 drivers
v000001a8eb6d98c0_0 .net "q", 31 0, L_000001a8eb6de760;  1 drivers
v000001a8eb6da220_0 .net "r", 31 0, L_000001a8eb6ddf10;  1 drivers
o000001a8eb67ca98 .functor BUFZ 1, C4<z>; HiZ drive
v000001a8eb6db580_0 .net "start", 0 0, o000001a8eb67ca98;  0 drivers
S_000001a8eb6621b0 .scope module, "divs" "Division" 2 14, 3 1 0, S_000001a8eb662020;
 .timescale 0 0;
    .port_info 0 /INPUT 1 "clock";
    .port_info 1 /INPUT 1 "start";
    .port_info 2 /INPUT 32 "a";
    .port_info 3 /INPUT 32 "b";
    .port_info 4 /OUTPUT 32 "q";
    .port_info 5 /OUTPUT 32 "r";
L_000001a8eb6de680 .functor BUFZ 5, v000001a8eb6d63f0_0, C4<00000>, C4<00000>, C4<00000>;
L_000001a8eb6ddff0 .functor BUFZ 5, v000001a8eb66ffe0_0, C4<00000>, C4<00000>, C4<00000>;
L_000001a8eb6de760 .functor BUFZ 32, v000001a8eb66fd60_0, C4<00000000000000000000000000000000>, C4<00000000000000000000000000000000>, C4<00000000000000000000000000000000>;
L_000001a8eb6ddf10 .functor BUFZ 32, v000001a8eb6d6c10_0, C4<00000000000000000000000000000000>, C4<00000000000000000000000000000000>, C4<00000000000000000000000000000000>;
v000001a8eb670440_0 .net *"_ivl_0", 31 0, L_000001a8eb6d9fa0;  1 drivers
L_000001a8eb7600d0 .functor BUFT 1, C4<0000000000000000000000000000000>, C4<0>, C4<0>, C4<0>;
v000001a8eb670260_0 .net *"_ivl_11", 30 0, L_000001a8eb7600d0;  1 drivers
v000001a8eb66efa0_0 .net *"_ivl_16", 31 0, L_000001a8eb6db260;  1 drivers
v000001a8eb66fc20_0 .net *"_ivl_2", 30 0, L_000001a8eb6d9960;  1 drivers
L_000001a8eb760118 .functor BUFT 1, C4<00000>, C4<0>, C4<0>, C4<0>;
v000001a8eb670300_0 .net/2u *"_ivl_20", 4 0, L_000001a8eb760118;  1 drivers
v000001a8eb66f900_0 .net *"_ivl_22", 0 0, L_000001a8eb6dacc0;  1 drivers
L_000001a8eb760160 .functor BUFT 1, C4<00000>, C4<0>, C4<0>, C4<0>;
v000001a8eb670080_0 .net/2u *"_ivl_24", 4 0, L_000001a8eb760160;  1 drivers
L_000001a8eb7601a8 .functor BUFT 1, C4<00001>, C4<0>, C4<0>, C4<0>;
v000001a8eb6704e0_0 .net/2u *"_ivl_26", 4 0, L_000001a8eb7601a8;  1 drivers
v000001a8eb670580_0 .net *"_ivl_28", 4 0, L_000001a8eb6dad60;  1 drivers
L_000001a8eb7601f0 .functor BUFT 1, C4<00000>, C4<0>, C4<0>, C4<0>;
v000001a8eb66fcc0_0 .net/2u *"_ivl_32", 4 0, L_000001a8eb7601f0;  1 drivers
v000001a8eb66f0e0_0 .net *"_ivl_34", 0 0, L_000001a8eb6db120;  1 drivers
L_000001a8eb760238 .functor BUFT 1, C4<00000>, C4<0>, C4<0>, C4<0>;
v000001a8eb670a80_0 .net/2u *"_ivl_36", 4 0, L_000001a8eb760238;  1 drivers
L_000001a8eb760280 .functor BUFT 1, C4<00001>, C4<0>, C4<0>, C4<0>;
v000001a8eb670c60_0 .net/2u *"_ivl_38", 4 0, L_000001a8eb760280;  1 drivers
L_000001a8eb760088 .functor BUFT 1, C4<0>, C4<0>, C4<0>, C4<0>;
v000001a8eb66f680_0 .net *"_ivl_4", 0 0, L_000001a8eb760088;  1 drivers
v000001a8eb66f220_0 .net *"_ivl_40", 4 0, L_000001a8eb6db620;  1 drivers
v000001a8eb66ef00_0 .net *"_ivl_7", 0 0, L_000001a8eb6dac20;  1 drivers
v000001a8eb670d00_0 .net *"_ivl_8", 31 0, L_000001a8eb6da040;  1 drivers
v000001a8eb66ff40_0 .net "a", 31 0, o000001a8eb67c738;  alias, 0 drivers
v000001a8eb66f180_0 .net "b", 31 0, o000001a8eb67c768;  alias, 0 drivers
v000001a8eb66f360_0 .net "clock", 0 0, o000001a8eb67c798;  alias, 0 drivers
v000001a8eb66ffe0_0 .var "counter", 4 0;
v000001a8eb66f400_0 .net "counter_dividend_value", 4 0, L_000001a8eb6ddff0;  1 drivers
v000001a8eb66f540_0 .net "decreased_counter", 4 0, L_000001a8eb6db1c0;  1 drivers
v000001a8eb66f5e0_0 .net "decreased_q_counter", 4 0, L_000001a8eb6db080;  1 drivers
v000001a8eb66f720_0 .var "dividend", 31 0;
v000001a8eb66f7c0_0 .var "divisor", 31 0;
v000001a8eb66fd60_0 .var "partial_result", 31 0;
v000001a8eb66f860_0 .net "predicate", 0 0, L_000001a8eb6da400;  1 drivers
v000001a8eb6d6710_0 .net "q", 31 0, L_000001a8eb6de760;  alias, 1 drivers
v000001a8eb6d63f0_0 .var "q_counter", 4 0;
v000001a8eb6d6490_0 .net "q_counter_value", 4 0, L_000001a8eb6de680;  1 drivers
v000001a8eb6d5ef0_0 .net "r", 31 0, L_000001a8eb6ddf10;  alias, 1 drivers
v000001a8eb6d5090_0 .net "r_prime", 31 0, L_000001a8eb6da2c0;  1 drivers
v000001a8eb6d59f0_0 .net "r_prime_minus_b", 0 0, L_000001a8eb6d9c80;  1 drivers
v000001a8eb6d6c10_0 .var "remainder", 31 0;
v000001a8eb6d5590_0 .net "start", 0 0, o000001a8eb67ca98;  alias, 0 drivers
E_000001a8eb6754f0 .event posedge, v000001a8eb66f360_0;
L_000001a8eb6d9960 .part v000001a8eb6d6c10_0, 0, 31;
L_000001a8eb6d9fa0 .concat [ 1 31 0 0], L_000001a8eb760088, L_000001a8eb6d9960;
L_000001a8eb6dac20 .part/v v000001a8eb66f720_0, v000001a8eb66ffe0_0, 1;
L_000001a8eb6da040 .concat [ 1 31 0 0], L_000001a8eb6dac20, L_000001a8eb7600d0;
L_000001a8eb6da2c0 .arith/sum 32, L_000001a8eb6d9fa0, L_000001a8eb6da040;
L_000001a8eb6da400 .cmp/gt 32, v000001a8eb66f7c0_0, L_000001a8eb6da2c0;
L_000001a8eb6db260 .arith/sub 32, L_000001a8eb6da2c0, v000001a8eb66f7c0_0;
L_000001a8eb6d9c80 .part L_000001a8eb6db260, 0, 1;
L_000001a8eb6dacc0 .cmp/eq 5, v000001a8eb6d63f0_0, L_000001a8eb760118;
L_000001a8eb6dad60 .arith/sub 5, v000001a8eb6d63f0_0, L_000001a8eb7601a8;
L_000001a8eb6db080 .functor MUXZ 5, L_000001a8eb6dad60, L_000001a8eb760160, L_000001a8eb6dacc0, C4<>;
L_000001a8eb6db120 .cmp/eq 5, v000001a8eb66ffe0_0, L_000001a8eb7601f0;
L_000001a8eb6db620 .arith/sub 5, v000001a8eb66ffe0_0, L_000001a8eb760280;
L_000001a8eb6db1c0 .functor MUXZ 5, L_000001a8eb6db620, L_000001a8eb760238, L_000001a8eb6db120, C4<>;
S_000001a8eb662340 .scope module, "mp" "MealyPattern" 2 7, 4 1 0, S_000001a8eb662020;
 .timescale 0 0;
    .port_info 0 /INPUT 1 "clock";
    .port_info 1 /INPUT 1 "i";
    .port_info 2 /OUTPUT 2 "o";
L_000001a8eb6dcd40 .functor NOT 1, L_000001a8eb6d9b40, C4<0>, C4<0>, C4<0>;
L_000001a8eb6dcf70 .functor AND 1, o000001a8eb67d0c8, L_000001a8eb6dcd40, C4<1>, C4<1>;
L_000001a8eb6dd050 .functor AND 1, L_000001a8eb6dcf70, L_000001a8eb6da860, C4<1>, C4<1>;
L_000001a8eb6dd520 .functor NOT 1, o000001a8eb67d0c8, C4<0>, C4<0>, C4<0>;
L_000001a8eb6dcdb0 .functor NOT 1, L_000001a8eb6daa40, C4<0>, C4<0>, C4<0>;
L_000001a8eb6dd130 .functor AND 1, L_000001a8eb6dd520, L_000001a8eb6dcdb0, C4<1>, C4<1>;
L_000001a8eb6dd1a0 .functor NOT 1, o000001a8eb67d0c8, C4<0>, C4<0>, C4<0>;
L_000001a8eb6dd590 .functor NOT 1, L_000001a8eb6dae00, C4<0>, C4<0>, C4<0>;
L_000001a8eb6dce20 .functor AND 1, L_000001a8eb6dd1a0, L_000001a8eb6dd590, C4<1>, C4<1>;
L_000001a8eb6dce90 .functor OR 1, L_000001a8eb6dd130, L_000001a8eb6dce20, C4<0>, C4<0>;
L_000001a8eb6dcf00 .functor NOT 1, o000001a8eb67d0c8, C4<0>, C4<0>, C4<0>;
L_000001a8eb6dd2f0 .functor AND 1, L_000001a8eb6dcf00, L_000001a8eb6daae0, C4<1>, C4<1>;
L_000001a8eb6ddce0 .functor NOT 1, o000001a8eb67d0c8, C4<0>, C4<0>, C4<0>;
L_000001a8eb6de530 .functor NOT 1, L_000001a8eb6dafe0, C4<0>, C4<0>, C4<0>;
L_000001a8eb6ddd50 .functor AND 1, L_000001a8eb6ddce0, L_000001a8eb6de530, C4<1>, C4<1>;
L_000001a8eb6de5a0 .functor AND 1, L_000001a8eb6ddd50, L_000001a8eb6db3a0, C4<1>, C4<1>;
L_000001a8eb6dddc0 .functor NOT 1, L_000001a8eb6da360, C4<0>, C4<0>, C4<0>;
L_000001a8eb6de370 .functor AND 1, o000001a8eb67d0c8, L_000001a8eb6dddc0, C4<1>, C4<1>;
L_000001a8eb6ddea0 .functor NOT 1, L_000001a8eb6da180, C4<0>, C4<0>, C4<0>;
L_000001a8eb6de6f0 .functor AND 1, o000001a8eb67d0c8, L_000001a8eb6ddea0, C4<1>, C4<1>;
L_000001a8eb6dd960 .functor OR 1, L_000001a8eb6de370, L_000001a8eb6de6f0, C4<0>, C4<0>;
L_000001a8eb6de290 .functor AND 1, o000001a8eb67d0c8, L_000001a8eb6db760, C4<1>, C4<1>;
L_000001a8eb6de450 .functor NOT 1, L_000001a8eb6da680, C4<0>, C4<0>, C4<0>;
L_000001a8eb6de3e0 .functor AND 1, L_000001a8eb6dd2f0, L_000001a8eb6de450, C4<1>, C4<1>;
L_000001a8eb6dde30 .functor NOT 1, L_000001a8eb6d9be0, C4<0>, C4<0>, C4<0>;
L_000001a8eb6de4c0 .functor AND 1, L_000001a8eb6de290, L_000001a8eb6dde30, C4<1>, C4<1>;
v000001a8eb6d6d50_0 .net *"_ivl_1", 0 0, L_000001a8eb6d9b40;  1 drivers
v000001a8eb6d62b0_0 .net *"_ivl_10", 0 0, L_000001a8eb6dd520;  1 drivers
v000001a8eb6d5e50_0 .net *"_ivl_13", 0 0, L_000001a8eb6daa40;  1 drivers
v000001a8eb6d68f0_0 .net *"_ivl_14", 0 0, L_000001a8eb6dcdb0;  1 drivers
v000001a8eb6d5130_0 .net *"_ivl_18", 0 0, L_000001a8eb6dd1a0;  1 drivers
v000001a8eb6d6e90_0 .net *"_ivl_2", 0 0, L_000001a8eb6dcd40;  1 drivers
v000001a8eb6d6530_0 .net *"_ivl_21", 0 0, L_000001a8eb6dae00;  1 drivers
v000001a8eb6d5db0_0 .net *"_ivl_22", 0 0, L_000001a8eb6dd590;  1 drivers
v000001a8eb6d56d0_0 .net *"_ivl_28", 0 0, L_000001a8eb6dcf00;  1 drivers
v000001a8eb6d5a90_0 .net *"_ivl_31", 0 0, L_000001a8eb6daae0;  1 drivers
v000001a8eb6d5770_0 .net *"_ivl_34", 0 0, L_000001a8eb6ddce0;  1 drivers
v000001a8eb6d6350_0 .net *"_ivl_37", 0 0, L_000001a8eb6dafe0;  1 drivers
v000001a8eb6d51d0_0 .net *"_ivl_38", 0 0, L_000001a8eb6de530;  1 drivers
v000001a8eb6d5310_0 .net *"_ivl_43", 0 0, L_000001a8eb6db3a0;  1 drivers
v000001a8eb6d5950_0 .net *"_ivl_47", 0 0, L_000001a8eb6da360;  1 drivers
v000001a8eb6d6990_0 .net *"_ivl_48", 0 0, L_000001a8eb6dddc0;  1 drivers
v000001a8eb6d6b70_0 .net *"_ivl_53", 0 0, L_000001a8eb6da180;  1 drivers
v000001a8eb6d5270_0 .net *"_ivl_54", 0 0, L_000001a8eb6ddea0;  1 drivers
v000001a8eb6d5630_0 .net *"_ivl_61", 0 0, L_000001a8eb6db760;  1 drivers
v000001a8eb6d53b0_0 .net *"_ivl_67", 0 0, L_000001a8eb6da680;  1 drivers
v000001a8eb6d5f90_0 .net *"_ivl_68", 0 0, L_000001a8eb6de450;  1 drivers
v000001a8eb6d65d0_0 .net *"_ivl_7", 0 0, L_000001a8eb6da860;  1 drivers
v000001a8eb6d5450_0 .net *"_ivl_70", 0 0, L_000001a8eb6de3e0;  1 drivers
v000001a8eb6d6cb0_0 .net *"_ivl_76", 0 0, L_000001a8eb6d9be0;  1 drivers
v000001a8eb6d5b30_0 .net *"_ivl_77", 0 0, L_000001a8eb6dde30;  1 drivers
v000001a8eb6d5bd0_0 .net *"_ivl_79", 0 0, L_000001a8eb6de4c0;  1 drivers
v000001a8eb6d6670_0 .net "clock", 0 0, o000001a8eb67c798;  alias, 0 drivers
v000001a8eb6d60d0_0 .net "i", 0 0, o000001a8eb67d0c8;  alias, 0 drivers
v000001a8eb6d5c70_0 .net "o", 1 0, L_000001a8eb6d9f00;  alias, 1 drivers
v000001a8eb6d67b0_0 .var "one_zero_one", 1 0;
v000001a8eb6d54f0_0 .net "w1", 0 0, L_000001a8eb6dcf70;  1 drivers
v000001a8eb6d6850_0 .net "w10", 0 0, L_000001a8eb6de6f0;  1 drivers
v000001a8eb6d6030_0 .net "w11", 0 0, L_000001a8eb6dd960;  1 drivers
v000001a8eb6d6170_0 .net "w12", 0 0, L_000001a8eb6de290;  1 drivers
v000001a8eb6d5810_0 .net "w2", 0 0, L_000001a8eb6dd050;  1 drivers
v000001a8eb6d5d10_0 .net "w3", 0 0, L_000001a8eb6dd130;  1 drivers
v000001a8eb6d58b0_0 .net "w4", 0 0, L_000001a8eb6dce20;  1 drivers
v000001a8eb6d6a30_0 .net "w5", 0 0, L_000001a8eb6dce90;  1 drivers
v000001a8eb6d6210_0 .net "w6", 0 0, L_000001a8eb6dd2f0;  1 drivers
v000001a8eb6d6df0_0 .net "w7", 0 0, L_000001a8eb6ddd50;  1 drivers
v000001a8eb6d6ad0_0 .net "w8", 0 0, L_000001a8eb6de5a0;  1 drivers
v000001a8eb6d6f30_0 .net "w9", 0 0, L_000001a8eb6de370;  1 drivers
v000001a8eb6d8680_0 .var "zero_one_zero", 1 0;
L_000001a8eb6d9b40 .part v000001a8eb6d8680_0, 0, 1;
L_000001a8eb6da860 .part v000001a8eb6d8680_0, 1, 1;
L_000001a8eb6daa40 .part v000001a8eb6d8680_0, 0, 1;
L_000001a8eb6dae00 .part v000001a8eb6d8680_0, 1, 1;
L_000001a8eb6daae0 .part v000001a8eb6d8680_0, 0, 1;
L_000001a8eb6dafe0 .part v000001a8eb6d67b0_0, 0, 1;
L_000001a8eb6db3a0 .part v000001a8eb6d67b0_0, 1, 1;
L_000001a8eb6da360 .part v000001a8eb6d67b0_0, 0, 1;
L_000001a8eb6da180 .part v000001a8eb6d67b0_0, 1, 1;
L_000001a8eb6db760 .part v000001a8eb6d67b0_0, 0, 1;
L_000001a8eb6da680 .part v000001a8eb6d8680_0, 1, 1;
L_000001a8eb6d9f00 .concat8 [ 1 1 0 0], L_000001a8eb6de4c0, L_000001a8eb6de3e0;
L_000001a8eb6d9be0 .part v000001a8eb6d67b0_0, 1, 1;
S_000001a8eb65c1b0 .scope module, "tb" "MealyPatternTestbench" 2 3, 4 70 0, S_000001a8eb662020;
 .timescale 0 0;
v000001a8eb6d8a40_0 .var "clock", 0 0;
v000001a8eb6d8ae0_0 .var "i", 0 0;
v000001a8eb6d7820_0 .net "o", 1 0, L_000001a8eb6d9e60;  1 drivers
S_000001a8eb650c80 .scope module, "machine" "MealyPattern" 4 76, 4 1 0, S_000001a8eb65c1b0;
 .timescale 0 0;
    .port_info 0 /INPUT 1 "clock";
    .port_info 1 /INPUT 1 "i";
    .port_info 2 /OUTPUT 2 "o";
L_000001a8eb640380 .functor NOT 1, L_000001a8eb6d9dc0, C4<0>, C4<0>, C4<0>;
L_000001a8eb640540 .functor AND 1, v000001a8eb6d8ae0_0, L_000001a8eb640380, C4<1>, C4<1>;
L_000001a8eb6409a0 .functor AND 1, L_000001a8eb640540, L_000001a8eb6dab80, C4<1>, C4<1>;
L_000001a8eb640620 .functor NOT 1, v000001a8eb6d8ae0_0, C4<0>, C4<0>, C4<0>;
L_000001a8eb6dc950 .functor NOT 1, L_000001a8eb6d9d20, C4<0>, C4<0>, C4<0>;
L_000001a8eb6dd750 .functor AND 1, L_000001a8eb640620, L_000001a8eb6dc950, C4<1>, C4<1>;
L_000001a8eb6dd440 .functor NOT 1, v000001a8eb6d8ae0_0, C4<0>, C4<0>, C4<0>;
L_000001a8eb6dd4b0 .functor NOT 1, L_000001a8eb6daf40, C4<0>, C4<0>, C4<0>;
L_000001a8eb6dcaa0 .functor AND 1, L_000001a8eb6dd440, L_000001a8eb6dd4b0, C4<1>, C4<1>;
L_000001a8eb6dcb10 .functor OR 1, L_000001a8eb6dd750, L_000001a8eb6dcaa0, C4<0>, C4<0>;
L_000001a8eb6dca30 .functor NOT 1, v000001a8eb6d8ae0_0, C4<0>, C4<0>, C4<0>;
L_000001a8eb6dd210 .functor AND 1, L_000001a8eb6dca30, L_000001a8eb6da9a0, C4<1>, C4<1>;
L_000001a8eb6dd280 .functor NOT 1, v000001a8eb6d8ae0_0, C4<0>, C4<0>, C4<0>;
L_000001a8eb6dcbf0 .functor NOT 1, L_000001a8eb6da4a0, C4<0>, C4<0>, C4<0>;
L_000001a8eb6dd3d0 .functor AND 1, L_000001a8eb6dd280, L_000001a8eb6dcbf0, C4<1>, C4<1>;
L_000001a8eb6dcfe0 .functor AND 1, L_000001a8eb6dd3d0, L_000001a8eb6da540, C4<1>, C4<1>;
L_000001a8eb6dd600 .functor NOT 1, L_000001a8eb6db6c0, C4<0>, C4<0>, C4<0>;
L_000001a8eb6dc8e0 .functor AND 1, v000001a8eb6d8ae0_0, L_000001a8eb6dd600, C4<1>, C4<1>;
L_000001a8eb6dc9c0 .functor NOT 1, L_000001a8eb6da5e0, C4<0>, C4<0>, C4<0>;
L_000001a8eb6dd0c0 .functor AND 1, v000001a8eb6d8ae0_0, L_000001a8eb6dc9c0, C4<1>, C4<1>;
L_000001a8eb6dd6e0 .functor OR 1, L_000001a8eb6dc8e0, L_000001a8eb6dd0c0, C4<0>, C4<0>;
L_000001a8eb6dd7c0 .functor AND 1, v000001a8eb6d8ae0_0, L_000001a8eb6da7c0, C4<1>, C4<1>;
L_000001a8eb6dd670 .functor NOT 1, L_000001a8eb6daea0, C4<0>, C4<0>, C4<0>;
L_000001a8eb6dcb80 .functor AND 1, L_000001a8eb6dd210, L_000001a8eb6dd670, C4<1>, C4<1>;
L_000001a8eb6dd360 .functor NOT 1, L_000001a8eb6da720, C4<0>, C4<0>, C4<0>;
L_000001a8eb6dccd0 .functor AND 1, L_000001a8eb6dd7c0, L_000001a8eb6dd360, C4<1>, C4<1>;
v000001a8eb6d7dc0_0 .net *"_ivl_1", 0 0, L_000001a8eb6d9dc0;  1 drivers
v000001a8eb6d7aa0_0 .net *"_ivl_10", 0 0, L_000001a8eb640620;  1 drivers
v000001a8eb6d8900_0 .net *"_ivl_13", 0 0, L_000001a8eb6d9d20;  1 drivers
v000001a8eb6d8540_0 .net *"_ivl_14", 0 0, L_000001a8eb6dc950;  1 drivers
v000001a8eb6d7b40_0 .net *"_ivl_18", 0 0, L_000001a8eb6dd440;  1 drivers
v000001a8eb6d71e0_0 .net *"_ivl_2", 0 0, L_000001a8eb640380;  1 drivers
v000001a8eb6d7f00_0 .net *"_ivl_21", 0 0, L_000001a8eb6daf40;  1 drivers
v000001a8eb6d7e60_0 .net *"_ivl_22", 0 0, L_000001a8eb6dd4b0;  1 drivers
v000001a8eb6d73c0_0 .net *"_ivl_28", 0 0, L_000001a8eb6dca30;  1 drivers
v000001a8eb6d7280_0 .net *"_ivl_31", 0 0, L_000001a8eb6da9a0;  1 drivers
v000001a8eb6d8180_0 .net *"_ivl_34", 0 0, L_000001a8eb6dd280;  1 drivers
v000001a8eb6d8d60_0 .net *"_ivl_37", 0 0, L_000001a8eb6da4a0;  1 drivers
v000001a8eb6d8b80_0 .net *"_ivl_38", 0 0, L_000001a8eb6dcbf0;  1 drivers
v000001a8eb6d8220_0 .net *"_ivl_43", 0 0, L_000001a8eb6da540;  1 drivers
v000001a8eb6d7320_0 .net *"_ivl_47", 0 0, L_000001a8eb6db6c0;  1 drivers
v000001a8eb6d7be0_0 .net *"_ivl_48", 0 0, L_000001a8eb6dd600;  1 drivers
v000001a8eb6d7640_0 .net *"_ivl_53", 0 0, L_000001a8eb6da5e0;  1 drivers
v000001a8eb6d7c80_0 .net *"_ivl_54", 0 0, L_000001a8eb6dc9c0;  1 drivers
v000001a8eb6d7960_0 .net *"_ivl_61", 0 0, L_000001a8eb6da7c0;  1 drivers
v000001a8eb6d85e0_0 .net *"_ivl_67", 0 0, L_000001a8eb6daea0;  1 drivers
v000001a8eb6d8c20_0 .net *"_ivl_68", 0 0, L_000001a8eb6dd670;  1 drivers
v000001a8eb6d80e0_0 .net *"_ivl_7", 0 0, L_000001a8eb6dab80;  1 drivers
v000001a8eb6d7460_0 .net *"_ivl_70", 0 0, L_000001a8eb6dcb80;  1 drivers
v000001a8eb6d7d20_0 .net *"_ivl_76", 0 0, L_000001a8eb6da720;  1 drivers
v000001a8eb6d7a00_0 .net *"_ivl_77", 0 0, L_000001a8eb6dd360;  1 drivers
v000001a8eb6d8720_0 .net *"_ivl_79", 0 0, L_000001a8eb6dccd0;  1 drivers
v000001a8eb6d7fa0_0 .net "clock", 0 0, v000001a8eb6d8a40_0;  1 drivers
v000001a8eb6d8040_0 .net "i", 0 0, v000001a8eb6d8ae0_0;  1 drivers
v000001a8eb6d87c0_0 .net "o", 1 0, L_000001a8eb6d9e60;  alias, 1 drivers
v000001a8eb6d8360_0 .var "one_zero_one", 1 0;
v000001a8eb6d8400_0 .net "w1", 0 0, L_000001a8eb640540;  1 drivers
v000001a8eb6d82c0_0 .net "w10", 0 0, L_000001a8eb6dd0c0;  1 drivers
v000001a8eb6d8ea0_0 .net "w11", 0 0, L_000001a8eb6dd6e0;  1 drivers
v000001a8eb6d7500_0 .net "w12", 0 0, L_000001a8eb6dd7c0;  1 drivers
v000001a8eb6d8e00_0 .net "w2", 0 0, L_000001a8eb6409a0;  1 drivers
v000001a8eb6d75a0_0 .net "w3", 0 0, L_000001a8eb6dd750;  1 drivers
v000001a8eb6d8cc0_0 .net "w4", 0 0, L_000001a8eb6dcaa0;  1 drivers
v000001a8eb6d84a0_0 .net "w5", 0 0, L_000001a8eb6dcb10;  1 drivers
v000001a8eb6d76e0_0 .net "w6", 0 0, L_000001a8eb6dd210;  1 drivers
v000001a8eb6d8860_0 .net "w7", 0 0, L_000001a8eb6dd3d0;  1 drivers
v000001a8eb6d89a0_0 .net "w8", 0 0, L_000001a8eb6dcfe0;  1 drivers
v000001a8eb6d7780_0 .net "w9", 0 0, L_000001a8eb6dc8e0;  1 drivers
v000001a8eb6d8f40_0 .var "zero_one_zero", 1 0;
E_000001a8eb675170 .event posedge, v000001a8eb6d7fa0_0;
L_000001a8eb6d9dc0 .part v000001a8eb6d8f40_0, 0, 1;
L_000001a8eb6dab80 .part v000001a8eb6d8f40_0, 1, 1;
L_000001a8eb6d9d20 .part v000001a8eb6d8f40_0, 0, 1;
L_000001a8eb6daf40 .part v000001a8eb6d8f40_0, 1, 1;
L_000001a8eb6da9a0 .part v000001a8eb6d8f40_0, 0, 1;
L_000001a8eb6da4a0 .part v000001a8eb6d8360_0, 0, 1;
L_000001a8eb6da540 .part v000001a8eb6d8360_0, 1, 1;
L_000001a8eb6db6c0 .part v000001a8eb6d8360_0, 0, 1;
L_000001a8eb6da5e0 .part v000001a8eb6d8360_0, 1, 1;
L_000001a8eb6da7c0 .part v000001a8eb6d8360_0, 0, 1;
L_000001a8eb6daea0 .part v000001a8eb6d8f40_0, 1, 1;
L_000001a8eb6d9e60 .concat8 [ 1 1 0 0], L_000001a8eb6dccd0, L_000001a8eb6dcb80;
L_000001a8eb6da720 .part v000001a8eb6d8360_0, 1, 1;
    .scope S_000001a8eb650c80;
T_0 ;
    %pushi/vec4 0, 0, 1;
    %ix/load 4, 0, 0;
    %flag_set/imm 4, 0;
    %store/vec4 v000001a8eb6d8f40_0, 4, 1;
    %pushi/vec4 0, 0, 1;
    %ix/load 4, 1, 0;
    %flag_set/imm 4, 0;
    %store/vec4 v000001a8eb6d8f40_0, 4, 1;
    %pushi/vec4 0, 0, 1;
    %ix/load 4, 0, 0;
    %flag_set/imm 4, 0;
    %store/vec4 v000001a8eb6d8360_0, 4, 1;
    %pushi/vec4 0, 0, 1;
    %ix/load 4, 1, 0;
    %flag_set/imm 4, 0;
    %store/vec4 v000001a8eb6d8360_0, 4, 1;
    %end;
    .thread T_0;
    .scope S_000001a8eb650c80;
T_1 ;
    %wait E_000001a8eb675170;
    %load/vec4 v000001a8eb6d8e00_0;
    %ix/load 4, 0, 0;
    %ix/load 5, 0, 0;
    %flag_set/imm 4, 0;
    %assign/vec4/off/d v000001a8eb6d8f40_0, 4, 5;
    %load/vec4 v000001a8eb6d84a0_0;
    %ix/load 4, 1, 0;
    %ix/load 5, 0, 0;
    %flag_set/imm 4, 0;
    %assign/vec4/off/d v000001a8eb6d8f40_0, 4, 5;
    %load/vec4 v000001a8eb6d89a0_0;
    %ix/load 4, 0, 0;
    %ix/load 5, 0, 0;
    %flag_set/imm 4, 0;
    %assign/vec4/off/d v000001a8eb6d8360_0, 4, 5;
    %load/vec4 v000001a8eb6d8ea0_0;
    %ix/load 4, 1, 0;
    %ix/load 5, 0, 0;
    %flag_set/imm 4, 0;
    %assign/vec4/off/d v000001a8eb6d8360_0, 4, 5;
    %jmp T_1;
    .thread T_1;
    .scope S_000001a8eb65c1b0;
T_2 ;
    %pushi/vec4 0, 0, 1;
    %store/vec4 v000001a8eb6d8a40_0, 0, 1;
    %pushi/vec4 0, 0, 1;
    %store/vec4 v000001a8eb6d8ae0_0, 0, 1;
    %delay 2, 0;
    %pushi/vec4 1, 0, 1;
    %store/vec4 v000001a8eb6d8ae0_0, 0, 1;
    %delay 2, 0;
    %pushi/vec4 1, 0, 1;
    %store/vec4 v000001a8eb6d8ae0_0, 0, 1;
    %delay 2, 0;
    %pushi/vec4 0, 0, 1;
    %store/vec4 v000001a8eb6d8ae0_0, 0, 1;
    %delay 2, 0;
    %pushi/vec4 1, 0, 1;
    %store/vec4 v000001a8eb6d8ae0_0, 0, 1;
    %delay 2, 0;
    %pushi/vec4 0, 0, 1;
    %store/vec4 v000001a8eb6d8ae0_0, 0, 1;
    %delay 2, 0;
    %pushi/vec4 1, 0, 1;
    %store/vec4 v000001a8eb6d8ae0_0, 0, 1;
    %delay 2, 0;
    %pushi/vec4 0, 0, 1;
    %store/vec4 v000001a8eb6d8ae0_0, 0, 1;
    %delay 2, 0;
    %pushi/vec4 1, 0, 1;
    %store/vec4 v000001a8eb6d8ae0_0, 0, 1;
    %delay 2, 0;
    %pushi/vec4 1, 0, 1;
    %store/vec4 v000001a8eb6d8ae0_0, 0, 1;
    %vpi_call 4 103 "$finish" {0 0 0};
    %end;
    .thread T_2;
    .scope S_000001a8eb65c1b0;
T_3 ;
    %delay 1, 0;
    %load/vec4 v000001a8eb6d8a40_0;
    %nor/r;
    %store/vec4 v000001a8eb6d8a40_0, 0, 1;
    %jmp T_3;
    .thread T_3;
    .scope S_000001a8eb65c1b0;
T_4 ;
    %vpi_call 4 113 "$dumpfile", "mealy.vcd" {0 0 0};
    %vpi_call 4 114 "$dumpvars" {0 0 0};
    %end;
    .thread T_4;
    .scope S_000001a8eb65c1b0;
T_5 ;
    %vpi_call 4 119 "$display", "\011\011time ,\011clock ,\011i, \011o " {0 0 0};
    %vpi_call 4 120 "$monitor", "%d ,\011%b ,\011%b ,\011%b ", $time, v000001a8eb6d8a40_0, v000001a8eb6d8ae0_0, v000001a8eb6d7820_0 {0 0 0};
    %end;
    .thread T_5;
    .scope S_000001a8eb662340;
T_6 ;
    %pushi/vec4 0, 0, 1;
    %ix/load 4, 0, 0;
    %flag_set/imm 4, 0;
    %store/vec4 v000001a8eb6d8680_0, 4, 1;
    %pushi/vec4 0, 0, 1;
    %ix/load 4, 1, 0;
    %flag_set/imm 4, 0;
    %store/vec4 v000001a8eb6d8680_0, 4, 1;
    %pushi/vec4 0, 0, 1;
    %ix/load 4, 0, 0;
    %flag_set/imm 4, 0;
    %store/vec4 v000001a8eb6d67b0_0, 4, 1;
    %pushi/vec4 0, 0, 1;
    %ix/load 4, 1, 0;
    %flag_set/imm 4, 0;
    %store/vec4 v000001a8eb6d67b0_0, 4, 1;
    %end;
    .thread T_6;
    .scope S_000001a8eb662340;
T_7 ;
    %wait E_000001a8eb6754f0;
    %load/vec4 v000001a8eb6d5810_0;
    %ix/load 4, 0, 0;
    %ix/load 5, 0, 0;
    %flag_set/imm 4, 0;
    %assign/vec4/off/d v000001a8eb6d8680_0, 4, 5;
    %load/vec4 v000001a8eb6d6a30_0;
    %ix/load 4, 1, 0;
    %ix/load 5, 0, 0;
    %flag_set/imm 4, 0;
    %assign/vec4/off/d v000001a8eb6d8680_0, 4, 5;
    %load/vec4 v000001a8eb6d6ad0_0;
    %ix/load 4, 0, 0;
    %ix/load 5, 0, 0;
    %flag_set/imm 4, 0;
    %assign/vec4/off/d v000001a8eb6d67b0_0, 4, 5;
    %load/vec4 v000001a8eb6d6030_0;
    %ix/load 4, 1, 0;
    %ix/load 5, 0, 0;
    %flag_set/imm 4, 0;
    %assign/vec4/off/d v000001a8eb6d67b0_0, 4, 5;
    %jmp T_7;
    .thread T_7;
    .scope S_000001a8eb6621b0;
T_8 ;
    %wait E_000001a8eb6754f0;
    %load/vec4 v000001a8eb6d5590_0;
    %flag_set/vec4 8;
    %jmp/0xz  T_8.0, 8;
    %pushi/vec4 0, 0, 32;
    %assign/vec4 v000001a8eb6d6c10_0, 0;
    %load/vec4 v000001a8eb66f180_0;
    %assign/vec4 v000001a8eb66f7c0_0, 0;
    %load/vec4 v000001a8eb66ff40_0;
    %assign/vec4 v000001a8eb66f720_0, 0;
    %pushi/vec4 31, 0, 5;
    %assign/vec4 v000001a8eb66ffe0_0, 0;
    %pushi/vec4 31, 0, 5;
    %assign/vec4 v000001a8eb6d63f0_0, 0;
    %pushi/vec4 0, 0, 32;
    %assign/vec4 v000001a8eb66fd60_0, 0;
T_8.0 ;
    %load/vec4 v000001a8eb66f860_0;
    %flag_set/vec4 8;
    %jmp/0xz  T_8.2, 8;
    %pushi/vec4 0, 0, 1;
    %ix/load 5, 0, 0;
    %ix/getv 4, v000001a8eb6d6490_0;
    %assign/vec4/off/d v000001a8eb66fd60_0, 4, 5;
    %load/vec4 v000001a8eb6d5090_0;
    %assign/vec4 v000001a8eb6d6c10_0, 0;
    %load/vec4 v000001a8eb66f5e0_0;
    %assign/vec4 v000001a8eb6d63f0_0, 0;
    %load/vec4 v000001a8eb66f540_0;
    %assign/vec4 v000001a8eb66ffe0_0, 0;
T_8.2 ;
    %load/vec4 v000001a8eb66f860_0;
    %nor/r;
    %flag_set/vec4 8;
    %jmp/0xz  T_8.4, 8;
    %pushi/vec4 1, 0, 1;
    %ix/load 5, 0, 0;
    %ix/getv 4, v000001a8eb6d6490_0;
    %assign/vec4/off/d v000001a8eb66fd60_0, 4, 5;
    %load/vec4 v000001a8eb6d59f0_0;
    %pad/u 32;
    %assign/vec4 v000001a8eb6d6c10_0, 0;
    %load/vec4 v000001a8eb66f5e0_0;
    %assign/vec4 v000001a8eb6d63f0_0, 0;
    %load/vec4 v000001a8eb66f540_0;
    %assign/vec4 v000001a8eb66ffe0_0, 0;
T_8.4 ;
    %jmp T_8;
    .thread T_8;
    .scope S_000001a8eb662020;
T_9 ;
    %vpi_call 2 26 "$dumpfile", "simres.vcd" {0 0 0};
    %vpi_call 2 27 "$dumpvars", 32'sb00000000000000000000000000000000, S_000001a8eb650c80 {0 0 0};
    %vpi_call 2 28 "$dumpvars", 32'sb00000000000000000000000000000000, v000001a8eb6d8040_0 {0 0 0};
    %vpi_call 2 29 "$dumpvars", 32'sb00000000000000000000000000000000, v000001a8eb6d87c0_0 {0 0 0};
    %vpi_call 2 30 "$dumpvars", 32'sb00000000000000000000000000000000, v000001a8eb6d7fa0_0 {0 0 0};
    %end;
    .thread T_9;
# The file index is used to find the file name in the following table.
:file_names 5;
    "N/A";
    "<interactive>";
    "SanitizerWarmup.v";
    "DivisionCircuit.v";
    "MealyMachine.v";
