#! /c/Source/iverilog-install/bin/vvp
:ivl_version "12.0 (devel)" "(s20150603-1110-g18392a46)";
:ivl_delay_selection "TYPICAL";
:vpi_time_precision + 0;
:vpi_module "C:\iverilog\lib\ivl\system.vpi";
:vpi_module "C:\iverilog\lib\ivl\vhdl_sys.vpi";
:vpi_module "C:\iverilog\lib\ivl\vhdl_textio.vpi";
:vpi_module "C:\iverilog\lib\ivl\v2005_math.vpi";
:vpi_module "C:\iverilog\lib\ivl\va_math.vpi";
S_000001d9ae9aef30 .scope module, "SanitizerMain" "SanitizerMain" 2 1;
 .timescale 0 0;
o000001d9aea1af08 .functor BUFZ 32, C4<zzzzzzzzzzzzzzzzzzzzzzzzzzzzzzzz>; HiZ drive
v000001d9aeb5caa0_0 .net "a", 31 0, o000001d9aea1af08;  0 drivers
o000001d9aea1af98 .functor BUFZ 3, C4<zzz>; HiZ drive
v000001d9aeb5d720_0 .net "ac", 2 0, o000001d9aea1af98;  0 drivers
o000001d9aea1afc8 .functor BUFZ 32, C4<zzzzzzzzzzzzzzzzzzzzzzzzzzzzzzzz>; HiZ drive
v000001d9aeb5d7c0_0 .net "b", 31 0, o000001d9aea1afc8;  0 drivers
o000001d9aea1b2f8 .functor BUFZ 1, C4<z>; HiZ drive
v000001d9aeb5c8c0_0 .net "clk", 0 0, o000001d9aea1b2f8;  0 drivers
v000001d9aeb5c960_0 .var/i "idx", 31 0;
o000001d9aea1d368 .functor BUFZ 1, C4<z>; HiZ drive
v000001d9aeb5c140_0 .net "reset", 0 0, o000001d9aea1d368;  0 drivers
v000001d9aeb5d860_0 .net "s", 31 0, L_000001d9aebb7c60;  1 drivers
v000001d9aeb5dcc0_0 .net "zero", 0 0, L_000001d9aebb8700;  1 drivers
S_000001d9ae9af0c0 .scope module, "alu" "ArithmeticLogicUnit" 2 10, 3 122 0, S_000001d9ae9aef30;
 .timescale 0 0;
    .port_info 0 /INPUT 32 "a";
    .port_info 1 /INPUT 32 "b";
    .port_info 2 /INPUT 3 "alucontrol";
    .port_info 3 /OUTPUT 32 "result";
    .port_info 4 /OUTPUT 1 "zero";
L_000001d9aeb5ea88 .functor BUFT 1, C4<0>, C4<0>, C4<0>, C4<0>;
L_000001d9aea0ae10 .functor XNOR 1, L_000001d9aebb6cc0, L_000001d9aeb5ea88, C4<0>, C4<0>;
L_000001d9aea0a400 .functor NOT 32, o000001d9aea1afc8, C4<00000000000000000000000000000000>, C4<00000000000000000000000000000000>, C4<00000000000000000000000000000000>;
L_000001d9aea0a240 .functor AND 32, o000001d9aea1af08, L_000001d9aebb7800, C4<11111111111111111111111111111111>, C4<11111111111111111111111111111111>;
L_000001d9aea0ae80 .functor OR 32, o000001d9aea1af08, L_000001d9aebb7800, C4<00000000000000000000000000000000>, C4<00000000000000000000000000000000>;
L_000001d9aeb5ead0 .functor BUFT 1, C4<0>, C4<0>, C4<0>, C4<0>;
L_000001d9aea0aef0 .functor XNOR 1, L_000001d9aebb6e00, L_000001d9aeb5ead0, C4<0>, C4<0>;
L_000001d9aea0a010 .functor XOR 1, L_000001d9aebb80c0, L_000001d9aebb6ae0, C4<0>, C4<0>;
L_000001d9ae9dd020 .functor XOR 1, L_000001d9aea0a010, L_000001d9aebb8200, C4<0>, C4<0>;
v000001d9aea0faf0_0 .net *"_ivl_1", 0 0, L_000001d9aebb6cc0;  1 drivers
v000001d9aea0fb90_0 .net *"_ivl_15", 0 0, L_000001d9aebb6e00;  1 drivers
v000001d9aea0f690_0 .net/2u *"_ivl_16", 0 0, L_000001d9aeb5ead0;  1 drivers
v000001d9aea0f550_0 .net *"_ivl_18", 0 0, L_000001d9aea0aef0;  1 drivers
v000001d9aea0fc30_0 .net/2u *"_ivl_2", 0 0, L_000001d9aeb5ea88;  1 drivers
v000001d9aea11030_0 .net *"_ivl_20", 31 0, L_000001d9aebb79e0;  1 drivers
v000001d9aea108b0_0 .net *"_ivl_22", 31 0, L_000001d9aebb7ee0;  1 drivers
L_000001d9aeb5eb18 .functor BUFT 1, C4<00000000000000000000000000000001>, C4<0>, C4<0>, C4<0>;
v000001d9aea10f90_0 .net/2u *"_ivl_24", 31 0, L_000001d9aeb5eb18;  1 drivers
v000001d9aea10c70_0 .net *"_ivl_26", 31 0, L_000001d9aebb7940;  1 drivers
v000001d9aea104f0_0 .net *"_ivl_31", 0 0, L_000001d9aebb80c0;  1 drivers
v000001d9aea10a90_0 .net *"_ivl_33", 0 0, L_000001d9aebb6ae0;  1 drivers
v000001d9aea0f730_0 .net *"_ivl_37", 0 0, L_000001d9aebb8200;  1 drivers
v000001d9aea0f7d0_0 .net *"_ivl_4", 0 0, L_000001d9aea0ae10;  1 drivers
L_000001d9aeb5eb60 .functor BUFT 1, C4<0000000000000000000000000000000>, C4<0>, C4<0>, C4<0>;
v000001d9aea0fe10_0 .net/2u *"_ivl_40", 30 0, L_000001d9aeb5eb60;  1 drivers
v000001d9aea10450_0 .net *"_ivl_45", 1 0, L_000001d9aebb82a0;  1 drivers
L_000001d9aeb5eba8 .functor BUFT 1, C4<00>, C4<0>, C4<0>, C4<0>;
v000001d9aea103b0_0 .net/2u *"_ivl_46", 1 0, L_000001d9aeb5eba8;  1 drivers
v000001d9aea110d0_0 .net *"_ivl_48", 0 0, L_000001d9aebb6180;  1 drivers
v000001d9aea0f370_0 .net *"_ivl_51", 1 0, L_000001d9aebb6540;  1 drivers
L_000001d9aeb5ebf0 .functor BUFT 1, C4<01>, C4<0>, C4<0>, C4<0>;
v000001d9aea0fcd0_0 .net/2u *"_ivl_52", 1 0, L_000001d9aeb5ebf0;  1 drivers
v000001d9aea0fd70_0 .net *"_ivl_54", 0 0, L_000001d9aebb7120;  1 drivers
v000001d9aea0fff0_0 .net *"_ivl_57", 1 0, L_000001d9aebb8480;  1 drivers
L_000001d9aeb5ec38 .functor BUFT 1, C4<10>, C4<0>, C4<0>, C4<0>;
v000001d9aea10090_0 .net/2u *"_ivl_58", 1 0, L_000001d9aeb5ec38;  1 drivers
v000001d9aea10130_0 .net *"_ivl_6", 31 0, L_000001d9aea0a400;  1 drivers
v000001d9aea10630_0 .net *"_ivl_60", 0 0, L_000001d9aebb85c0;  1 drivers
L_000001d9aeb5ec80 .functor BUFT 1, C4<111>, C4<0>, C4<0>, C4<0>;
v000001d9aea10e50_0 .net/2u *"_ivl_62", 2 0, L_000001d9aeb5ec80;  1 drivers
v000001d9aea101d0_0 .net *"_ivl_64", 0 0, L_000001d9aebb7a80;  1 drivers
L_000001d9aeb5ecc8 .functor BUFT 1, C4<xxxxxxxxxxxxxxxxxxxxxxxxxxxxxxxx>, C4<0>, C4<0>, C4<0>;
v000001d9aea10590_0 .net *"_ivl_66", 31 0, L_000001d9aeb5ecc8;  1 drivers
v000001d9aea10b30_0 .net *"_ivl_68", 31 0, L_000001d9aebb8160;  1 drivers
v000001d9aea10d10_0 .net *"_ivl_70", 31 0, L_000001d9aebb78a0;  1 drivers
v000001d9aea0f410_0 .net *"_ivl_72", 31 0, L_000001d9aebb7bc0;  1 drivers
L_000001d9aeb5ed10 .functor BUFT 1, C4<00000000000000000000000000000000>, C4<0>, C4<0>, C4<0>;
v000001d9ae9b9810_0 .net/2u *"_ivl_76", 31 0, L_000001d9aeb5ed10;  1 drivers
v000001d9ae9b9590_0 .net *"_ivl_78", 0 0, L_000001d9aebb8660;  1 drivers
L_000001d9aeb5ed58 .functor BUFT 1, C4<1>, C4<0>, C4<0>, C4<0>;
v000001d9ae9b99f0_0 .net/2u *"_ivl_80", 0 0, L_000001d9aeb5ed58;  1 drivers
L_000001d9aeb5eda0 .functor BUFT 1, C4<0>, C4<0>, C4<0>, C4<0>;
v000001d9ae9ffdf0_0 .net/2u *"_ivl_82", 0 0, L_000001d9aeb5eda0;  1 drivers
v000001d9ae9eecc0_0 .net "a", 31 0, o000001d9aea1af08;  alias, 0 drivers
v000001d9aeb55140_0 .net "a_and_b", 31 0, L_000001d9aea0a240;  1 drivers
v000001d9aeb54b00_0 .net "a_or_b", 31 0, L_000001d9aea0ae80;  1 drivers
v000001d9aeb54240_0 .net "alucontrol", 2 0, o000001d9aea1af98;  alias, 0 drivers
v000001d9aeb54d80_0 .net "b", 31 0, o000001d9aea1afc8;  alias, 0 drivers
v000001d9aeb54380_0 .net "b_multi", 31 0, L_000001d9aebb7800;  1 drivers
v000001d9aeb551e0_0 .net "extend", 31 0, L_000001d9aebb7080;  1 drivers
v000001d9aeb55a00_0 .net "first_xor", 0 0, L_000001d9aea0a010;  1 drivers
v000001d9aeb55460_0 .net "result", 31 0, L_000001d9aebb7c60;  alias, 1 drivers
v000001d9aeb54c40_0 .net "second_xor", 0 0, L_000001d9ae9dd020;  1 drivers
v000001d9aeb558c0_0 .net "sum", 31 0, L_000001d9aebb83e0;  1 drivers
v000001d9aeb550a0_0 .net "zero", 0 0, L_000001d9aebb8700;  alias, 1 drivers
L_000001d9aebb6cc0 .part o000001d9aea1af98, 2, 1;
L_000001d9aebb7800 .functor MUXZ 32, L_000001d9aea0a400, o000001d9aea1afc8, L_000001d9aea0ae10, C4<>;
L_000001d9aebb6e00 .part o000001d9aea1af98, 2, 1;
L_000001d9aebb79e0 .arith/sum 32, o000001d9aea1af08, L_000001d9aebb7800;
L_000001d9aebb7ee0 .arith/sum 32, o000001d9aea1af08, L_000001d9aebb7800;
L_000001d9aebb7940 .arith/sum 32, L_000001d9aebb7ee0, L_000001d9aeb5eb18;
L_000001d9aebb83e0 .functor MUXZ 32, L_000001d9aebb7940, L_000001d9aebb79e0, L_000001d9aea0aef0, C4<>;
L_000001d9aebb80c0 .part o000001d9aea1af08, 31, 1;
L_000001d9aebb6ae0 .part L_000001d9aebb7800, 31, 1;
L_000001d9aebb8200 .part L_000001d9aebb83e0, 31, 1;
L_000001d9aebb7080 .concat [ 1 31 0 0], L_000001d9ae9dd020, L_000001d9aeb5eb60;
L_000001d9aebb82a0 .part o000001d9aea1af98, 0, 2;
L_000001d9aebb6180 .cmp/eq 2, L_000001d9aebb82a0, L_000001d9aeb5eba8;
L_000001d9aebb6540 .part o000001d9aea1af98, 0, 2;
L_000001d9aebb7120 .cmp/eq 2, L_000001d9aebb6540, L_000001d9aeb5ebf0;
L_000001d9aebb8480 .part o000001d9aea1af98, 0, 2;
L_000001d9aebb85c0 .cmp/eq 2, L_000001d9aebb8480, L_000001d9aeb5ec38;
L_000001d9aebb7a80 .cmp/eq 3, o000001d9aea1af98, L_000001d9aeb5ec80;
L_000001d9aebb8160 .functor MUXZ 32, L_000001d9aeb5ecc8, L_000001d9aebb7080, L_000001d9aebb7a80, C4<>;
L_000001d9aebb78a0 .functor MUXZ 32, L_000001d9aebb8160, L_000001d9aebb83e0, L_000001d9aebb85c0, C4<>;
L_000001d9aebb7bc0 .functor MUXZ 32, L_000001d9aebb78a0, L_000001d9aea0ae80, L_000001d9aebb7120, C4<>;
L_000001d9aebb7c60 .functor MUXZ 32, L_000001d9aebb7bc0, L_000001d9aea0a240, L_000001d9aebb6180, C4<>;
L_000001d9aebb8660 .cmp/eq 32, L_000001d9aebb7c60, L_000001d9aeb5ed10;
L_000001d9aebb8700 .functor MUXZ 1, L_000001d9aeb5eda0, L_000001d9aeb5ed58, L_000001d9aebb8660, C4<>;
S_000001d9ae9af250 .scope module, "proc" "Processor" 2 4, 4 1 0, S_000001d9ae9aef30;
 .timescale 0 0;
    .port_info 0 /INPUT 1 "clk";
    .port_info 1 /INPUT 1 "reset";
v000001d9aeb5cdc0_0 .net "clk", 0 0, o000001d9aea1b2f8;  alias, 0 drivers
v000001d9aeb5cb40_0 .net "dataaddr", 31 0, L_000001d9aebb76c0;  1 drivers
v000001d9aeb5d4a0_0 .net "datawrite", 0 0, v000001d9aeb54100_0;  1 drivers
v000001d9aeb5db80_0 .net "instr", 31 0, L_000001d9aea0abe0;  1 drivers
v000001d9aeb5ca00_0 .net "pc", 31 0, L_000001d9aea0a550;  1 drivers
v000001d9aeb5cf00_0 .net "readdata", 31 0, L_000001d9aea0ad30;  1 drivers
v000001d9aeb5c460_0 .net "reset", 0 0, o000001d9aea1d368;  alias, 0 drivers
v000001d9aeb5d680_0 .net "writedata", 31 0, L_000001d9aea0ac50;  1 drivers
L_000001d9aebb6fe0 .part L_000001d9aea0a550, 2, 6;
L_000001d9aebb7da0 .part L_000001d9aebb76c0, 2, 6;
S_000001d9ae9ab660 .scope module, "dmem" "DataMemory" 4 17, 5 12 0, S_000001d9ae9af250;
 .timescale 0 0;
    .port_info 0 /INPUT 1 "clk";
    .port_info 1 /INPUT 1 "we";
    .port_info 2 /INPUT 6 "addr";
    .port_info 3 /INPUT 32 "wd";
    .port_info 4 /OUTPUT 32 "rd";
L_000001d9aea0ad30 .functor BUFZ 32, L_000001d9aebb62c0, C4<00000000000000000000000000000000>, C4<00000000000000000000000000000000>, C4<00000000000000000000000000000000>;
v000001d9aeb55dc0 .array "DATARAM", 0 63, 31 0;
v000001d9aeb556e0_0 .net *"_ivl_0", 31 0, L_000001d9aebb62c0;  1 drivers
v000001d9aeb54ec0_0 .net *"_ivl_2", 7 0, L_000001d9aebb74e0;  1 drivers
L_000001d9aeb5ea40 .functor BUFT 1, C4<00>, C4<0>, C4<0>, C4<0>;
v000001d9aeb55e60_0 .net *"_ivl_5", 1 0, L_000001d9aeb5ea40;  1 drivers
v000001d9aeb555a0_0 .net "addr", 5 0, L_000001d9aebb7da0;  1 drivers
v000001d9aeb55f00_0 .net "clk", 0 0, o000001d9aea1b2f8;  alias, 0 drivers
v000001d9aeb547e0_0 .net "rd", 31 0, L_000001d9aea0ad30;  alias, 1 drivers
v000001d9aeb55aa0_0 .net "wd", 31 0, L_000001d9aea0ac50;  alias, 1 drivers
v000001d9aeb55640_0 .net "we", 0 0, v000001d9aeb54100_0;  alias, 1 drivers
E_000001d9ae9f8380 .event posedge, v000001d9aeb55f00_0;
L_000001d9aebb62c0 .array/port v000001d9aeb55dc0, L_000001d9aebb74e0;
L_000001d9aebb74e0 .concat [ 6 2 0 0], L_000001d9aebb7da0, L_000001d9aeb5ea40;
S_000001d9ae9a4c10 .scope module, "imem" "InstructionMemory" 4 16, 5 2 0, S_000001d9ae9af250;
 .timescale 0 0;
    .port_info 0 /INPUT 6 "addr";
    .port_info 1 /OUTPUT 32 "rd";
L_000001d9aea0abe0 .functor BUFZ 32, L_000001d9aebb7260, C4<00000000000000000000000000000000>, C4<00000000000000000000000000000000>, C4<00000000000000000000000000000000>;
v000001d9aeb55960 .array "INSTRROM", 0 63, 31 0;
v000001d9aeb54420_0 .net *"_ivl_0", 31 0, L_000001d9aebb7260;  1 drivers
v000001d9aeb542e0_0 .net *"_ivl_2", 7 0, L_000001d9aebb64a0;  1 drivers
L_000001d9aeb5e9f8 .functor BUFT 1, C4<00>, C4<0>, C4<0>, C4<0>;
v000001d9aeb54880_0 .net *"_ivl_5", 1 0, L_000001d9aeb5e9f8;  1 drivers
v000001d9aeb55280_0 .net "addr", 5 0, L_000001d9aebb6fe0;  1 drivers
v000001d9aeb55500_0 .net "rd", 31 0, L_000001d9aea0abe0;  alias, 1 drivers
L_000001d9aebb7260 .array/port v000001d9aeb55960, L_000001d9aebb64a0;
L_000001d9aebb64a0 .concat [ 6 2 0 0], L_000001d9aebb6fe0, L_000001d9aeb5e9f8;
S_000001d9ae9a4da0 .scope module, "mips" "MIPScore" 4 10, 6 1 0, S_000001d9ae9af250;
 .timescale 0 0;
    .port_info 0 /INPUT 1 "clk";
    .port_info 1 /INPUT 1 "reset";
    .port_info 2 /OUTPUT 32 "pc";
    .port_info 3 /INPUT 32 "instr";
    .port_info 4 /OUTPUT 1 "memwrite";
    .port_info 5 /OUTPUT 32 "aluout";
    .port_info 6 /OUTPUT 32 "writedata";
    .port_info 7 /INPUT 32 "readdata";
v000001d9aeb5a810_0 .net "alucontrol", 2 0, v000001d9aeb55820_0;  1 drivers
v000001d9aeb5c780_0 .net "aluout", 31 0, L_000001d9aebb76c0;  alias, 1 drivers
v000001d9aeb5d360_0 .net "alusrcbimm", 0 0, v000001d9aeb54740_0;  1 drivers
v000001d9aeb5c0a0_0 .net "clk", 0 0, o000001d9aea1b2f8;  alias, 0 drivers
v000001d9aeb5d2c0_0 .net "destreg", 4 0, v000001d9aeb55780_0;  1 drivers
v000001d9aeb5dc20_0 .net "dobranch", 0 0, v000001d9aeb54ba0_0;  1 drivers
v000001d9aeb5ce60_0 .net "dojump", 0 0, v000001d9aeb55320_0;  1 drivers
v000001d9aeb5d0e0_0 .net "instr", 31 0, L_000001d9aea0abe0;  alias, 1 drivers
v000001d9aeb5d540_0 .net "memtoreg", 0 0, v000001d9aeb55b40_0;  1 drivers
v000001d9aeb5dea0_0 .net "memwrite", 0 0, v000001d9aeb54100_0;  alias, 1 drivers
v000001d9aeb5c820_0 .net "pc", 31 0, L_000001d9aea0a550;  alias, 1 drivers
v000001d9aeb5d5e0_0 .net "readdata", 31 0, L_000001d9aea0ad30;  alias, 1 drivers
v000001d9aeb5de00_0 .net "regwrite", 0 0, v000001d9aeb54060_0;  1 drivers
v000001d9aeb5cbe0_0 .net "reset", 0 0, o000001d9aea1d368;  alias, 0 drivers
v000001d9aeb5d400_0 .net "writedata", 31 0, L_000001d9aea0ac50;  alias, 1 drivers
v000001d9aeb5c6e0_0 .net "zero", 0 0, L_000001d9aebb7760;  1 drivers
S_000001d9ae9a4f30 .scope module, "decoder" "Decoder" 6 16, 7 1 0, S_000001d9ae9a4da0;
 .timescale 0 0;
    .port_info 0 /INPUT 32 "instr";
    .port_info 1 /INPUT 1 "zero";
    .port_info 2 /OUTPUT 1 "memtoreg";
    .port_info 3 /OUTPUT 1 "memwrite";
    .port_info 4 /OUTPUT 1 "dobranch";
    .port_info 5 /OUTPUT 1 "alusrcbimm";
    .port_info 6 /OUTPUT 5 "destreg";
    .port_info 7 /OUTPUT 1 "regwrite";
    .port_info 8 /OUTPUT 1 "dojump";
    .port_info 9 /OUTPUT 3 "alucontrol";
v000001d9aeb55820_0 .var "alucontrol", 2 0;
v000001d9aeb54740_0 .var "alusrcbimm", 0 0;
v000001d9aeb55780_0 .var "destreg", 4 0;
v000001d9aeb54ba0_0 .var "dobranch", 0 0;
v000001d9aeb55320_0 .var "dojump", 0 0;
v000001d9aeb54600_0 .net "funct", 5 0, L_000001d9aeb5cd20;  1 drivers
v000001d9aeb54f60_0 .net "instr", 31 0, L_000001d9aea0abe0;  alias, 1 drivers
v000001d9aeb55b40_0 .var "memtoreg", 0 0;
v000001d9aeb54100_0 .var "memwrite", 0 0;
v000001d9aeb55be0_0 .net "op", 5 0, L_000001d9aeb5dd60;  1 drivers
v000001d9aeb54060_0 .var "regwrite", 0 0;
v000001d9aeb553c0_0 .net "zero", 0 0, L_000001d9aebb7760;  alias, 1 drivers
E_000001d9ae9f7cc0 .event anyedge, v000001d9aeb55be0_0, v000001d9aeb55500_0, v000001d9aeb54600_0, v000001d9aeb553c0_0;
L_000001d9aeb5dd60 .part L_000001d9aea0abe0, 26, 6;
L_000001d9aeb5cd20 .part L_000001d9aea0abe0, 0, 6;
S_000001d9ae9d50b0 .scope module, "dp" "Datapath" 6 19, 3 1 0, S_000001d9ae9a4da0;
 .timescale 0 0;
    .port_info 0 /INPUT 1 "clk";
    .port_info 1 /INPUT 1 "reset";
    .port_info 2 /INPUT 1 "memtoreg";
    .port_info 3 /INPUT 1 "dobranch";
    .port_info 4 /INPUT 1 "alusrcbimm";
    .port_info 5 /INPUT 5 "destreg";
    .port_info 6 /INPUT 1 "regwrite";
    .port_info 7 /INPUT 1 "jump";
    .port_info 8 /INPUT 3 "alucontrol";
    .port_info 9 /OUTPUT 1 "zero";
    .port_info 10 /OUTPUT 32 "pc";
    .port_info 11 /INPUT 32 "instr";
    .port_info 12 /OUTPUT 32 "aluout";
    .port_info 13 /OUTPUT 32 "writedata";
    .port_info 14 /INPUT 32 "readdata";
L_000001d9aea0ac50 .functor BUFZ 32, L_000001d9aebb6f40, C4<00000000000000000000000000000000>, C4<00000000000000000000000000000000>, C4<00000000000000000000000000000000>;
v000001d9aeb5a270_0 .net *"_ivl_11", 5 0, L_000001d9aebb96a0;  1 drivers
L_000001d9aeb5e3c8 .functor BUFT 1, C4<001101>, C4<0>, C4<0>, C4<0>;
v000001d9aeb5bd50_0 .net/2u *"_ivl_12", 5 0, L_000001d9aeb5e3c8;  1 drivers
v000001d9aeb5b350_0 .net *"_ivl_14", 0 0, L_000001d9aebb9600;  1 drivers
v000001d9aeb5b3f0_0 .net *"_ivl_17", 5 0, L_000001d9aebb8ca0;  1 drivers
L_000001d9aeb5e410 .functor BUFT 1, C4<001111>, C4<0>, C4<0>, C4<0>;
v000001d9aeb5a630_0 .net/2u *"_ivl_18", 5 0, L_000001d9aeb5e410;  1 drivers
v000001d9aeb5b0d0_0 .net *"_ivl_20", 0 0, L_000001d9aebb9380;  1 drivers
v000001d9aeb5b210_0 .net *"_ivl_22", 31 0, L_000001d9aebb9a60;  1 drivers
v000001d9aeb5a950_0 .net *"_ivl_24", 31 0, L_000001d9aebb9880;  1 drivers
v000001d9aeb5a310_0 .net "alucontrol", 2 0, v000001d9aeb55820_0;  alias, 1 drivers
v000001d9aeb5b8f0_0 .net "aluout", 31 0, L_000001d9aebb76c0;  alias, 1 drivers
v000001d9aeb5aef0_0 .net "alusrcbimm", 0 0, v000001d9aeb54740_0;  alias, 1 drivers
v000001d9aeb5bc10_0 .net "clk", 0 0, o000001d9aea1b2f8;  alias, 0 drivers
v000001d9aeb5b990_0 .net "destreg", 4 0, v000001d9aeb55780_0;  alias, 1 drivers
v000001d9aeb5bad0_0 .net "dobranch", 0 0, v000001d9aeb54ba0_0;  alias, 1 drivers
v000001d9aeb5bf30_0 .net "instr", 31 0, L_000001d9aea0abe0;  alias, 1 drivers
v000001d9aeb5b670_0 .net "jump", 0 0, v000001d9aeb55320_0;  alias, 1 drivers
v000001d9aeb5bb70_0 .net "memtoreg", 0 0, v000001d9aeb55b40_0;  alias, 1 drivers
v000001d9aeb5af90_0 .net "paddwire", 31 0, L_000001d9aebb9f60;  1 drivers
v000001d9aeb5a770_0 .net "pc", 31 0, L_000001d9aea0a550;  alias, 1 drivers
v000001d9aeb5b030_0 .net "readdata", 31 0, L_000001d9aea0ad30;  alias, 1 drivers
v000001d9aeb5a3b0_0 .net "regwrite", 0 0, v000001d9aeb54060_0;  alias, 1 drivers
v000001d9aeb5b530_0 .net "reset", 0 0, o000001d9aea1d368;  alias, 0 drivers
v000001d9aeb5aa90_0 .net "result", 31 0, L_000001d9aebb6ea0;  1 drivers
v000001d9aeb5ac70_0 .net "signimm", 31 0, L_000001d9aebb94c0;  1 drivers
v000001d9aeb5a450_0 .net "srca", 31 0, L_000001d9aebb7b20;  1 drivers
v000001d9aeb5a4f0_0 .net "srcb", 31 0, L_000001d9aebb6f40;  1 drivers
v000001d9aeb5a590_0 .net "srcbimm", 31 0, L_000001d9aebb9920;  1 drivers
v000001d9aeb5ae50_0 .net "writedata", 31 0, L_000001d9aea0ac50;  alias, 1 drivers
v000001d9aeb5a6d0_0 .net "zero", 0 0, L_000001d9aebb7760;  alias, 1 drivers
v000001d9aeb5b710_0 .net "zero_left_wire", 31 0, L_000001d9aebb9d80;  1 drivers
L_000001d9aebb8980 .part L_000001d9aea0abe0, 0, 26;
L_000001d9aebb9ba0 .part L_000001d9aea0abe0, 26, 6;
L_000001d9aebb9560 .part L_000001d9aea0abe0, 0, 16;
L_000001d9aebb9060 .part L_000001d9aea0abe0, 0, 16;
L_000001d9aebb9c40 .part L_000001d9aea0abe0, 0, 16;
L_000001d9aebb96a0 .part L_000001d9aea0abe0, 26, 6;
L_000001d9aebb9600 .cmp/eq 6, L_000001d9aebb96a0, L_000001d9aeb5e3c8;
L_000001d9aebb8ca0 .part L_000001d9aea0abe0, 26, 6;
L_000001d9aebb9380 .cmp/eq 6, L_000001d9aebb8ca0, L_000001d9aeb5e410;
L_000001d9aebb9a60 .functor MUXZ 32, L_000001d9aebb6f40, L_000001d9aebb94c0, v000001d9aeb54740_0, C4<>;
L_000001d9aebb9880 .functor MUXZ 32, L_000001d9aebb9a60, L_000001d9aebb9f60, L_000001d9aebb9380, C4<>;
L_000001d9aebb9920 .functor MUXZ 32, L_000001d9aebb9880, L_000001d9aebb9d80, L_000001d9aebb9600, C4<>;
L_000001d9aebb6ea0 .functor MUXZ 32, L_000001d9aebb76c0, L_000001d9aea0ad30, v000001d9aeb55b40_0, C4<>;
L_000001d9aebb6900 .part L_000001d9aea0abe0, 21, 5;
L_000001d9aebb65e0 .part L_000001d9aea0abe0, 16, 5;
S_000001d9ae9d5240 .scope module, "alu" "ArithmeticLogicUnit" 3 33, 3 122 0, S_000001d9ae9d50b0;
 .timescale 0 0;
    .port_info 0 /INPUT 32 "a";
    .port_info 1 /INPUT 32 "b";
    .port_info 2 /INPUT 3 "alucontrol";
    .port_info 3 /OUTPUT 32 "result";
    .port_info 4 /OUTPUT 1 "zero";
L_000001d9aeb5e458 .functor BUFT 1, C4<0>, C4<0>, C4<0>, C4<0>;
L_000001d9aea0ab70 .functor XNOR 1, L_000001d9aebb9740, L_000001d9aeb5e458, C4<0>, C4<0>;
L_000001d9aea0a630 .functor NOT 32, L_000001d9aebb9920, C4<00000000000000000000000000000000>, C4<00000000000000000000000000000000>, C4<00000000000000000000000000000000>;
L_000001d9aea0a390 .functor AND 32, L_000001d9aebb7b20, L_000001d9aebb88e0, C4<11111111111111111111111111111111>, C4<11111111111111111111111111111111>;
L_000001d9aea0a860 .functor OR 32, L_000001d9aebb7b20, L_000001d9aebb88e0, C4<00000000000000000000000000000000>, C4<00000000000000000000000000000000>;
L_000001d9aeb5e4a0 .functor BUFT 1, C4<0>, C4<0>, C4<0>, C4<0>;
L_000001d9aea0a6a0 .functor XNOR 1, L_000001d9aebb9b00, L_000001d9aeb5e4a0, C4<0>, C4<0>;
L_000001d9aea0a1d0 .functor XOR 1, L_000001d9aebb9420, L_000001d9aebb8ac0, C4<0>, C4<0>;
L_000001d9aea0acc0 .functor XOR 1, L_000001d9aea0a1d0, L_000001d9aebb8b60, C4<0>, C4<0>;
v000001d9aeb544c0_0 .net *"_ivl_1", 0 0, L_000001d9aebb9740;  1 drivers
v000001d9aeb55c80_0 .net *"_ivl_15", 0 0, L_000001d9aebb9b00;  1 drivers
v000001d9aeb55d20_0 .net/2u *"_ivl_16", 0 0, L_000001d9aeb5e4a0;  1 drivers
v000001d9aeb541a0_0 .net *"_ivl_18", 0 0, L_000001d9aea0a6a0;  1 drivers
v000001d9aeb54560_0 .net/2u *"_ivl_2", 0 0, L_000001d9aeb5e458;  1 drivers
v000001d9aeb546a0_0 .net *"_ivl_20", 31 0, L_000001d9aebb99c0;  1 drivers
v000001d9aeb54920_0 .net *"_ivl_22", 31 0, L_000001d9aebb9ce0;  1 drivers
L_000001d9aeb5e4e8 .functor BUFT 1, C4<00000000000000000000000000000001>, C4<0>, C4<0>, C4<0>;
v000001d9aeb549c0_0 .net/2u *"_ivl_24", 31 0, L_000001d9aeb5e4e8;  1 drivers
v000001d9aeb54ce0_0 .net *"_ivl_26", 31 0, L_000001d9aebb9ec0;  1 drivers
v000001d9aeb55000_0 .net *"_ivl_31", 0 0, L_000001d9aebb9420;  1 drivers
v000001d9aeb54a60_0 .net *"_ivl_33", 0 0, L_000001d9aebb8ac0;  1 drivers
v000001d9aeb54e20_0 .net *"_ivl_37", 0 0, L_000001d9aebb8b60;  1 drivers
v000001d9aeb57e70_0 .net *"_ivl_4", 0 0, L_000001d9aea0ab70;  1 drivers
L_000001d9aeb5e530 .functor BUFT 1, C4<0000000000000000000000000000000>, C4<0>, C4<0>, C4<0>;
v000001d9aeb56bb0_0 .net/2u *"_ivl_40", 30 0, L_000001d9aeb5e530;  1 drivers
v000001d9aeb57ab0_0 .net *"_ivl_45", 1 0, L_000001d9aebb8d40;  1 drivers
L_000001d9aeb5e578 .functor BUFT 1, C4<00>, C4<0>, C4<0>, C4<0>;
v000001d9aeb56390_0 .net/2u *"_ivl_46", 1 0, L_000001d9aeb5e578;  1 drivers
v000001d9aeb57f10_0 .net *"_ivl_48", 0 0, L_000001d9aebb8e80;  1 drivers
v000001d9aeb56cf0_0 .net *"_ivl_51", 1 0, L_000001d9aebb8f20;  1 drivers
L_000001d9aeb5e5c0 .functor BUFT 1, C4<01>, C4<0>, C4<0>, C4<0>;
v000001d9aeb571f0_0 .net/2u *"_ivl_52", 1 0, L_000001d9aeb5e5c0;  1 drivers
v000001d9aeb57790_0 .net *"_ivl_54", 0 0, L_000001d9aebb9100;  1 drivers
v000001d9aeb576f0_0 .net *"_ivl_57", 1 0, L_000001d9aebb91a0;  1 drivers
L_000001d9aeb5e608 .functor BUFT 1, C4<10>, C4<0>, C4<0>, C4<0>;
v000001d9aeb57830_0 .net/2u *"_ivl_58", 1 0, L_000001d9aeb5e608;  1 drivers
v000001d9aeb56930_0 .net *"_ivl_6", 31 0, L_000001d9aea0a630;  1 drivers
v000001d9aeb578d0_0 .net *"_ivl_60", 0 0, L_000001d9aebb92e0;  1 drivers
L_000001d9aeb5e650 .functor BUFT 1, C4<111>, C4<0>, C4<0>, C4<0>;
v000001d9aeb57290_0 .net/2u *"_ivl_62", 2 0, L_000001d9aeb5e650;  1 drivers
v000001d9aeb56610_0 .net *"_ivl_64", 0 0, L_000001d9aebb6400;  1 drivers
L_000001d9aeb5e698 .functor BUFT 1, C4<xxxxxxxxxxxxxxxxxxxxxxxxxxxxxxxx>, C4<0>, C4<0>, C4<0>;
v000001d9aeb56430_0 .net *"_ivl_66", 31 0, L_000001d9aeb5e698;  1 drivers
v000001d9aeb564d0_0 .net *"_ivl_68", 31 0, L_000001d9aebb6b80;  1 drivers
v000001d9aeb56ed0_0 .net *"_ivl_70", 31 0, L_000001d9aebb8840;  1 drivers
v000001d9aeb566b0_0 .net *"_ivl_72", 31 0, L_000001d9aebb8020;  1 drivers
L_000001d9aeb5e6e0 .functor BUFT 1, C4<00000000000000000000000000000000>, C4<0>, C4<0>, C4<0>;
v000001d9aeb56070_0 .net/2u *"_ivl_76", 31 0, L_000001d9aeb5e6e0;  1 drivers
v000001d9aeb575b0_0 .net *"_ivl_78", 0 0, L_000001d9aebb7f80;  1 drivers
L_000001d9aeb5e728 .functor BUFT 1, C4<1>, C4<0>, C4<0>, C4<0>;
v000001d9aeb57b50_0 .net/2u *"_ivl_80", 0 0, L_000001d9aeb5e728;  1 drivers
L_000001d9aeb5e770 .functor BUFT 1, C4<0>, C4<0>, C4<0>, C4<0>;
v000001d9aeb56570_0 .net/2u *"_ivl_82", 0 0, L_000001d9aeb5e770;  1 drivers
v000001d9aeb56110_0 .net "a", 31 0, L_000001d9aebb7b20;  alias, 1 drivers
v000001d9aeb56e30_0 .net "a_and_b", 31 0, L_000001d9aea0a390;  1 drivers
v000001d9aeb57330_0 .net "a_or_b", 31 0, L_000001d9aea0a860;  1 drivers
v000001d9aeb57970_0 .net "alucontrol", 2 0, v000001d9aeb55820_0;  alias, 1 drivers
v000001d9aeb56d90_0 .net "b", 31 0, L_000001d9aebb9920;  alias, 1 drivers
v000001d9aeb56750_0 .net "b_multi", 31 0, L_000001d9aebb88e0;  1 drivers
v000001d9aeb56f70_0 .net "extend", 31 0, L_000001d9aebb8c00;  1 drivers
v000001d9aeb561b0_0 .net "first_xor", 0 0, L_000001d9aea0a1d0;  1 drivers
v000001d9aeb573d0_0 .net "result", 31 0, L_000001d9aebb76c0;  alias, 1 drivers
v000001d9aeb56250_0 .net "second_xor", 0 0, L_000001d9aea0acc0;  1 drivers
v000001d9aeb569d0_0 .net "sum", 31 0, L_000001d9aebb8a20;  1 drivers
v000001d9aeb57a10_0 .net "zero", 0 0, L_000001d9aebb7760;  alias, 1 drivers
L_000001d9aebb9740 .part v000001d9aeb55820_0, 2, 1;
L_000001d9aebb88e0 .functor MUXZ 32, L_000001d9aea0a630, L_000001d9aebb9920, L_000001d9aea0ab70, C4<>;
L_000001d9aebb9b00 .part v000001d9aeb55820_0, 2, 1;
L_000001d9aebb99c0 .arith/sum 32, L_000001d9aebb7b20, L_000001d9aebb88e0;
L_000001d9aebb9ce0 .arith/sum 32, L_000001d9aebb7b20, L_000001d9aebb88e0;
L_000001d9aebb9ec0 .arith/sum 32, L_000001d9aebb9ce0, L_000001d9aeb5e4e8;
L_000001d9aebb8a20 .functor MUXZ 32, L_000001d9aebb9ec0, L_000001d9aebb99c0, L_000001d9aea0a6a0, C4<>;
L_000001d9aebb9420 .part L_000001d9aebb7b20, 31, 1;
L_000001d9aebb8ac0 .part L_000001d9aebb88e0, 31, 1;
L_000001d9aebb8b60 .part L_000001d9aebb8a20, 31, 1;
L_000001d9aebb8c00 .concat [ 1 31 0 0], L_000001d9aea0acc0, L_000001d9aeb5e530;
L_000001d9aebb8d40 .part v000001d9aeb55820_0, 0, 2;
L_000001d9aebb8e80 .cmp/eq 2, L_000001d9aebb8d40, L_000001d9aeb5e578;
L_000001d9aebb8f20 .part v000001d9aeb55820_0, 0, 2;
L_000001d9aebb9100 .cmp/eq 2, L_000001d9aebb8f20, L_000001d9aeb5e5c0;
L_000001d9aebb91a0 .part v000001d9aeb55820_0, 0, 2;
L_000001d9aebb92e0 .cmp/eq 2, L_000001d9aebb91a0, L_000001d9aeb5e608;
L_000001d9aebb6400 .cmp/eq 3, v000001d9aeb55820_0, L_000001d9aeb5e650;
L_000001d9aebb6b80 .functor MUXZ 32, L_000001d9aeb5e698, L_000001d9aebb8c00, L_000001d9aebb6400, C4<>;
L_000001d9aebb8840 .functor MUXZ 32, L_000001d9aebb6b80, L_000001d9aebb8a20, L_000001d9aebb92e0, C4<>;
L_000001d9aebb8020 .functor MUXZ 32, L_000001d9aebb8840, L_000001d9aea0a860, L_000001d9aebb9100, C4<>;
L_000001d9aebb76c0 .functor MUXZ 32, L_000001d9aebb8020, L_000001d9aea0a390, L_000001d9aebb8e80, C4<>;
L_000001d9aebb7f80 .cmp/eq 32, L_000001d9aebb76c0, L_000001d9aeb5e6e0;
L_000001d9aebb7760 .functor MUXZ 1, L_000001d9aeb5e770, L_000001d9aeb5e728, L_000001d9aebb7f80, C4<>;
S_000001d9ae9d53d0 .scope module, "back" "BackExtend" 3 29, 3 151 0, S_000001d9ae9d50b0;
 .timescale 0 0;
    .port_info 0 /INPUT 16 "a";
    .port_info 1 /OUTPUT 32 "y";
L_000001d9aeb5e338 .functor BUFT 1, C4<0000000000000000>, C4<0>, C4<0>, C4<0>;
v000001d9aeb57bf0_0 .net/2u *"_ivl_0", 15 0, L_000001d9aeb5e338;  1 drivers
v000001d9aeb57c90_0 .net "a", 15 0, L_000001d9aebb9060;  1 drivers
v000001d9aeb57d30_0 .net "y", 31 0, L_000001d9aebb9f60;  alias, 1 drivers
L_000001d9aebb9f60 .concat [ 16 16 0 0], L_000001d9aeb5e338, L_000001d9aebb9060;
S_000001d9ae9d1a70 .scope module, "gpr" "RegisterFile" 3 41, 3 88 0, S_000001d9ae9d50b0;
 .timescale 0 0;
    .port_info 0 /INPUT 1 "clk";
    .port_info 1 /INPUT 1 "we3";
    .port_info 2 /INPUT 5 "ra1";
    .port_info 3 /INPUT 5 "ra2";
    .port_info 4 /INPUT 5 "wa3";
    .port_info 5 /INPUT 32 "wd3";
    .port_info 6 /OUTPUT 32 "rd1";
    .port_info 7 /OUTPUT 32 "rd2";
v000001d9aeb56a70_0 .net *"_ivl_0", 31 0, L_000001d9aebb6d60;  1 drivers
v000001d9aeb562f0_0 .net *"_ivl_10", 6 0, L_000001d9aebb7d00;  1 drivers
L_000001d9aeb5e848 .functor BUFT 1, C4<00>, C4<0>, C4<0>, C4<0>;
v000001d9aeb57dd0_0 .net *"_ivl_13", 1 0, L_000001d9aeb5e848;  1 drivers
L_000001d9aeb5e890 .functor BUFT 1, C4<00000000000000000000000000000000>, C4<0>, C4<0>, C4<0>;
v000001d9aeb567f0_0 .net/2u *"_ivl_14", 31 0, L_000001d9aeb5e890;  1 drivers
v000001d9aeb56890_0 .net *"_ivl_18", 31 0, L_000001d9aebb6a40;  1 drivers
L_000001d9aeb5e8d8 .functor BUFT 1, C4<000000000000000000000000000>, C4<0>, C4<0>, C4<0>;
v000001d9aeb56b10_0 .net *"_ivl_21", 26 0, L_000001d9aeb5e8d8;  1 drivers
L_000001d9aeb5e920 .functor BUFT 1, C4<00000000000000000000000000000000>, C4<0>, C4<0>, C4<0>;
v000001d9aeb56c50_0 .net/2u *"_ivl_22", 31 0, L_000001d9aeb5e920;  1 drivers
v000001d9aeb57010_0 .net *"_ivl_24", 0 0, L_000001d9aebb6c20;  1 drivers
v000001d9aeb570b0_0 .net *"_ivl_26", 31 0, L_000001d9aebb8520;  1 drivers
v000001d9aeb57150_0 .net *"_ivl_28", 6 0, L_000001d9aebb7e40;  1 drivers
L_000001d9aeb5e7b8 .functor BUFT 1, C4<000000000000000000000000000>, C4<0>, C4<0>, C4<0>;
v000001d9aeb57470_0 .net *"_ivl_3", 26 0, L_000001d9aeb5e7b8;  1 drivers
L_000001d9aeb5e968 .functor BUFT 1, C4<00>, C4<0>, C4<0>, C4<0>;
v000001d9aeb57510_0 .net *"_ivl_31", 1 0, L_000001d9aeb5e968;  1 drivers
L_000001d9aeb5e9b0 .functor BUFT 1, C4<00000000000000000000000000000000>, C4<0>, C4<0>, C4<0>;
v000001d9aeb57650_0 .net/2u *"_ivl_32", 31 0, L_000001d9aeb5e9b0;  1 drivers
L_000001d9aeb5e800 .functor BUFT 1, C4<00000000000000000000000000000000>, C4<0>, C4<0>, C4<0>;
v000001d9aeb59020_0 .net/2u *"_ivl_4", 31 0, L_000001d9aeb5e800;  1 drivers
v000001d9aeb58d00_0 .net *"_ivl_6", 0 0, L_000001d9aebb6860;  1 drivers
v000001d9aeb59a20_0 .net *"_ivl_8", 31 0, L_000001d9aebb8340;  1 drivers
v000001d9aeb58ee0_0 .net "clk", 0 0, o000001d9aea1b2f8;  alias, 0 drivers
v000001d9aeb586c0_0 .net "ra1", 4 0, L_000001d9aebb6900;  1 drivers
v000001d9aeb58300_0 .net "ra2", 4 0, L_000001d9aebb65e0;  1 drivers
v000001d9aeb59ca0_0 .net "rd1", 31 0, L_000001d9aebb7b20;  alias, 1 drivers
v000001d9aeb590c0_0 .net "rd2", 31 0, L_000001d9aebb6f40;  alias, 1 drivers
v000001d9aeb588a0 .array "registers", 0 31, 31 0;
v000001d9aeb59d40_0 .net "wa3", 4 0, v000001d9aeb55780_0;  alias, 1 drivers
v000001d9aeb593e0_0 .net "wd3", 31 0, L_000001d9aebb6ea0;  alias, 1 drivers
v000001d9aeb59c00_0 .net "we3", 0 0, v000001d9aeb54060_0;  alias, 1 drivers
L_000001d9aebb6d60 .concat [ 5 27 0 0], L_000001d9aebb6900, L_000001d9aeb5e7b8;
L_000001d9aebb6860 .cmp/ne 32, L_000001d9aebb6d60, L_000001d9aeb5e800;
L_000001d9aebb8340 .array/port v000001d9aeb588a0, L_000001d9aebb7d00;
L_000001d9aebb7d00 .concat [ 5 2 0 0], L_000001d9aebb6900, L_000001d9aeb5e848;
L_000001d9aebb7b20 .functor MUXZ 32, L_000001d9aeb5e890, L_000001d9aebb8340, L_000001d9aebb6860, C4<>;
L_000001d9aebb6a40 .concat [ 5 27 0 0], L_000001d9aebb65e0, L_000001d9aeb5e8d8;
L_000001d9aebb6c20 .cmp/ne 32, L_000001d9aebb6a40, L_000001d9aeb5e920;
L_000001d9aebb8520 .array/port v000001d9aeb588a0, L_000001d9aebb7e40;
L_000001d9aebb7e40 .concat [ 5 2 0 0], L_000001d9aebb65e0, L_000001d9aeb5e968;
L_000001d9aebb6f40 .functor MUXZ 32, L_000001d9aeb5e9b0, L_000001d9aebb8520, L_000001d9aebb6c20, C4<>;
S_000001d9aeb2d800 .scope module, "padd" "ZeroExtend" 3 30, 3 158 0, S_000001d9ae9d50b0;
 .timescale 0 0;
    .port_info 0 /INPUT 16 "a";
    .port_info 1 /OUTPUT 32 "y";
L_000001d9aeb5e380 .functor BUFT 1, C4<0000000000000000>, C4<0>, C4<0>, C4<0>;
v000001d9aeb59480_0 .net/2u *"_ivl_0", 15 0, L_000001d9aeb5e380;  1 drivers
v000001d9aeb58b20_0 .net "a", 15 0, L_000001d9aebb9c40;  1 drivers
v000001d9aeb59520_0 .net "y", 31 0, L_000001d9aebb9d80;  alias, 1 drivers
L_000001d9aebb9d80 .concat [ 16 16 0 0], L_000001d9aebb9c40, L_000001d9aeb5e380;
S_000001d9aeb2d990 .scope module, "pcenv" "ProgramCounter" 3 24, 3 45 0, S_000001d9ae9d50b0;
 .timescale 0 0;
    .port_info 0 /INPUT 1 "clk";
    .port_info 1 /INPUT 1 "reset";
    .port_info 2 /INPUT 1 "dobranch";
    .port_info 3 /INPUT 32 "branchoffset";
    .port_info 4 /INPUT 1 "dojump";
    .port_info 5 /INPUT 26 "jumptarget";
    .port_info 6 /INPUT 32 "aluResult";
    .port_info 7 /INPUT 6 "opCode";
    .port_info 8 /OUTPUT 32 "progcounter";
L_000001d9aea0aa90 .functor AND 1, L_000001d9aeb5c320, L_000001d9aeb5c3c0, C4<1>, C4<1>;
L_000001d9aea0a2b0 .functor AND 1, L_000001d9aea0aa90, v000001d9aeb54ba0_0, C4<1>, C4<1>;
L_000001d9aea0a550 .functor BUFZ 32, v000001d9aeb5b7b0_0, C4<00000000000000000000000000000000>, C4<00000000000000000000000000000000>, C4<00000000000000000000000000000000>;
L_000001d9aeb5e260 .functor BUFT 1, C4<000001>, C4<0>, C4<0>, C4<0>;
v000001d9aeb58120_0 .net/2u *"_ivl_12", 5 0, L_000001d9aeb5e260;  1 drivers
v000001d9aeb581c0_0 .net *"_ivl_14", 0 0, L_000001d9aeb5c320;  1 drivers
L_000001d9aeb5e2a8 .functor BUFT 1, C4<00000000000000000000000000000001>, C4<0>, C4<0>, C4<0>;
v000001d9aeb58bc0_0 .net/2u *"_ivl_16", 31 0, L_000001d9aeb5e2a8;  1 drivers
v000001d9aeb58580_0 .net *"_ivl_18", 0 0, L_000001d9aeb5c3c0;  1 drivers
v000001d9aeb58260_0 .net *"_ivl_21", 0 0, L_000001d9aea0aa90;  1 drivers
v000001d9aeb583a0_0 .net *"_ivl_23", 0 0, L_000001d9aea0a2b0;  1 drivers
v000001d9aeb58440_0 .net *"_ivl_25", 3 0, L_000001d9aeb5c640;  1 drivers
L_000001d9aeb5e2f0 .functor BUFT 1, C4<00>, C4<0>, C4<0>, C4<0>;
v000001d9aeb584e0_0 .net/2u *"_ivl_26", 1 0, L_000001d9aeb5e2f0;  1 drivers
v000001d9aeb58620_0 .net *"_ivl_28", 31 0, L_000001d9aeb5d220;  1 drivers
v000001d9aeb58760_0 .net *"_ivl_30", 31 0, L_000001d9aebb97e0;  1 drivers
v000001d9aeb58800_0 .net *"_ivl_32", 31 0, L_000001d9aebb8de0;  1 drivers
v000001d9aeb5bcb0_0 .net *"_ivl_5", 29 0, L_000001d9aeb5c5a0;  1 drivers
L_000001d9aeb5e1d0 .functor BUFT 1, C4<00>, C4<0>, C4<0>, C4<0>;
v000001d9aeb5adb0_0 .net/2u *"_ivl_6", 1 0, L_000001d9aeb5e1d0;  1 drivers
v000001d9aeb5b490_0 .net "aluResult", 31 0, L_000001d9aebb76c0;  alias, 1 drivers
v000001d9aeb5bdf0_0 .net "branchoffset", 31 0, L_000001d9aebb94c0;  alias, 1 drivers
v000001d9aeb5b170_0 .net "branchpc", 31 0, L_000001d9aeb5d9a0;  1 drivers
v000001d9aeb5ad10_0 .net "clk", 0 0, o000001d9aea1b2f8;  alias, 0 drivers
v000001d9aeb5ab30_0 .net "dobranch", 0 0, v000001d9aeb54ba0_0;  alias, 1 drivers
v000001d9aeb5b2b0_0 .net "dojump", 0 0, v000001d9aeb55320_0;  alias, 1 drivers
v000001d9aeb5be90_0 .net "incpc", 31 0, L_000001d9aeb5cc80;  1 drivers
v000001d9aeb5a130_0 .net "jumptarget", 25 0, L_000001d9aebb8980;  1 drivers
v000001d9aeb5a9f0_0 .net "nextpc", 31 0, L_000001d9aebb9e20;  1 drivers
v000001d9aeb5a1d0_0 .net "opCode", 5 0, L_000001d9aebb9ba0;  1 drivers
v000001d9aeb5b7b0_0 .var "pc", 31 0;
v000001d9aeb5a090_0 .net "progcounter", 31 0, L_000001d9aea0a550;  alias, 1 drivers
v000001d9aeb5ba30_0 .net "reset", 0 0, o000001d9aea1d368;  alias, 0 drivers
L_000001d9aeb5c5a0 .part L_000001d9aebb94c0, 0, 30;
L_000001d9aeb5dae0 .concat [ 2 30 0 0], L_000001d9aeb5e1d0, L_000001d9aeb5c5a0;
L_000001d9aeb5c320 .cmp/eq 6, L_000001d9aebb9ba0, L_000001d9aeb5e260;
L_000001d9aeb5c3c0 .cmp/eq 32, L_000001d9aebb76c0, L_000001d9aeb5e2a8;
L_000001d9aeb5c640 .part L_000001d9aeb5cc80, 28, 4;
L_000001d9aeb5d220 .concat [ 2 26 4 0], L_000001d9aeb5e2f0, L_000001d9aebb8980, L_000001d9aeb5c640;
L_000001d9aebb97e0 .functor MUXZ 32, L_000001d9aeb5cc80, L_000001d9aeb5d9a0, v000001d9aeb54ba0_0, C4<>;
L_000001d9aebb8de0 .functor MUXZ 32, L_000001d9aebb97e0, L_000001d9aeb5d220, v000001d9aeb55320_0, C4<>;
L_000001d9aebb9e20 .functor MUXZ 32, L_000001d9aebb8de0, L_000001d9aeb5d9a0, L_000001d9aea0a2b0, C4<>;
S_000001d9aeb2db20 .scope module, "pcbranch" "Adder" 3 62, 3 106 0, S_000001d9aeb2d990;
 .timescale 0 0;
    .port_info 0 /INPUT 32 "a";
    .port_info 1 /INPUT 32 "b";
    .port_info 2 /INPUT 1 "cin";
    .port_info 3 /OUTPUT 32 "y";
    .port_info 4 /OUTPUT 1 "cout";
L_000001d9aeb5e188 .functor BUFT 1, C4<0>, C4<0>, C4<0>, C4<0>;
v000001d9aeb59b60_0 .net *"_ivl_10", 0 0, L_000001d9aeb5e188;  1 drivers
v000001d9aeb58da0_0 .net *"_ivl_11", 32 0, L_000001d9aeb5d040;  1 drivers
L_000001d9aeb5ee78 .functor BUFT 1, C4<000000000000000000000000000000000>, C4<0>, C4<0>, C4<0>;
v000001d9aeb58080_0 .net *"_ivl_13", 32 0, L_000001d9aeb5ee78;  1 drivers
v000001d9aeb59de0_0 .net *"_ivl_17", 32 0, L_000001d9aeb5d180;  1 drivers
v000001d9aeb589e0_0 .net *"_ivl_3", 32 0, L_000001d9aeb5da40;  1 drivers
L_000001d9aeb5e140 .functor BUFT 1, C4<0>, C4<0>, C4<0>, C4<0>;
v000001d9aeb59e80_0 .net *"_ivl_6", 0 0, L_000001d9aeb5e140;  1 drivers
v000001d9aeb59980_0 .net *"_ivl_7", 32 0, L_000001d9aeb5c280;  1 drivers
v000001d9aeb59200_0 .net "a", 31 0, L_000001d9aeb5cc80;  alias, 1 drivers
v000001d9aeb59660_0 .net "b", 31 0, L_000001d9aeb5dae0;  1 drivers
L_000001d9aeb5e218 .functor BUFT 1, C4<0>, C4<0>, C4<0>, C4<0>;
v000001d9aeb592a0_0 .net "cin", 0 0, L_000001d9aeb5e218;  1 drivers
v000001d9aeb59700_0 .net "cout", 0 0, L_000001d9aeb5d900;  1 drivers
v000001d9aeb58f80_0 .net "y", 31 0, L_000001d9aeb5d9a0;  alias, 1 drivers
L_000001d9aeb5d900 .part L_000001d9aeb5d180, 32, 1;
L_000001d9aeb5d9a0 .part L_000001d9aeb5d180, 0, 32;
L_000001d9aeb5da40 .concat [ 32 1 0 0], L_000001d9aeb5cc80, L_000001d9aeb5e140;
L_000001d9aeb5c280 .concat [ 32 1 0 0], L_000001d9aeb5dae0, L_000001d9aeb5e188;
L_000001d9aeb5d040 .arith/sum 33, L_000001d9aeb5da40, L_000001d9aeb5c280;
L_000001d9aeb5d180 .arith/sum 33, L_000001d9aeb5d040, L_000001d9aeb5ee78;
S_000001d9ae9bb0c0 .scope module, "pcinc" "Adder" 3 60, 3 106 0, S_000001d9aeb2d990;
 .timescale 0 0;
    .port_info 0 /INPUT 32 "a";
    .port_info 1 /INPUT 32 "b";
    .port_info 2 /INPUT 1 "cin";
    .port_info 3 /OUTPUT 32 "y";
    .port_info 4 /OUTPUT 1 "cout";
v000001d9aeb595c0_0 .net *"_ivl_11", 32 0, L_000001d9aeb5df40;  1 drivers
L_000001d9aeb5ee30 .functor BUFT 1, C4<000000000000000000000000000000000>, C4<0>, C4<0>, C4<0>;
v000001d9aeb58c60_0 .net *"_ivl_13", 32 0, L_000001d9aeb5ee30;  1 drivers
v000001d9aeb59340_0 .net *"_ivl_17", 32 0, L_000001d9aeb5cfa0;  1 drivers
v000001d9aeb597a0_0 .net *"_ivl_3", 32 0, L_000001d9aeb5c1e0;  1 drivers
L_000001d9aeb5e068 .functor BUFT 1, C4<0>, C4<0>, C4<0>, C4<0>;
v000001d9aeb59160_0 .net *"_ivl_6", 0 0, L_000001d9aeb5e068;  1 drivers
L_000001d9aeb5ede8 .functor BUFT 1, C4<000000000000000000000000000000100>, C4<0>, C4<0>, C4<0>;
v000001d9aeb58e40_0 .net *"_ivl_7", 32 0, L_000001d9aeb5ede8;  1 drivers
v000001d9aeb58940_0 .net "a", 31 0, v000001d9aeb5b7b0_0;  1 drivers
L_000001d9aeb5e0b0 .functor BUFT 1, C4<00000000000000000000000000000100>, C4<0>, C4<0>, C4<0>;
v000001d9aeb59840_0 .net "b", 31 0, L_000001d9aeb5e0b0;  1 drivers
L_000001d9aeb5e0f8 .functor BUFT 1, C4<0>, C4<0>, C4<0>, C4<0>;
v000001d9aeb598e0_0 .net "cin", 0 0, L_000001d9aeb5e0f8;  1 drivers
v000001d9aeb58a80_0 .net "cout", 0 0, L_000001d9aeb5c500;  1 drivers
v000001d9aeb59f20_0 .net "y", 31 0, L_000001d9aeb5cc80;  alias, 1 drivers
L_000001d9aeb5c500 .part L_000001d9aeb5cfa0, 32, 1;
L_000001d9aeb5cc80 .part L_000001d9aeb5cfa0, 0, 32;
L_000001d9aeb5c1e0 .concat [ 32 1 0 0], v000001d9aeb5b7b0_0, L_000001d9aeb5e068;
L_000001d9aeb5df40 .arith/sum 33, L_000001d9aeb5c1e0, L_000001d9aeb5ede8;
L_000001d9aeb5cfa0 .arith/sum 33, L_000001d9aeb5df40, L_000001d9aeb5ee30;
S_000001d9ae9bb250 .scope module, "se" "SignExtension" 3 28, 3 115 0, S_000001d9ae9d50b0;
 .timescale 0 0;
    .port_info 0 /INPUT 16 "a";
    .port_info 1 /OUTPUT 32 "y";
v000001d9aeb5abd0_0 .net *"_ivl_1", 0 0, L_000001d9aebb9240;  1 drivers
v000001d9aeb5b5d0_0 .net *"_ivl_2", 15 0, L_000001d9aebb8fc0;  1 drivers
v000001d9aeb5b850_0 .net "a", 15 0, L_000001d9aebb9560;  1 drivers
v000001d9aeb5a8b0_0 .net "y", 31 0, L_000001d9aebb94c0;  alias, 1 drivers
L_000001d9aebb9240 .part L_000001d9aebb9560, 15, 1;
LS_000001d9aebb8fc0_0_0 .concat [ 1 1 1 1], L_000001d9aebb9240, L_000001d9aebb9240, L_000001d9aebb9240, L_000001d9aebb9240;
LS_000001d9aebb8fc0_0_4 .concat [ 1 1 1 1], L_000001d9aebb9240, L_000001d9aebb9240, L_000001d9aebb9240, L_000001d9aebb9240;
LS_000001d9aebb8fc0_0_8 .concat [ 1 1 1 1], L_000001d9aebb9240, L_000001d9aebb9240, L_000001d9aebb9240, L_000001d9aebb9240;
LS_000001d9aebb8fc0_0_12 .concat [ 1 1 1 1], L_000001d9aebb9240, L_000001d9aebb9240, L_000001d9aebb9240, L_000001d9aebb9240;
L_000001d9aebb8fc0 .concat [ 4 4 4 4], LS_000001d9aebb8fc0_0_0, LS_000001d9aebb8fc0_0_4, LS_000001d9aebb8fc0_0_8, LS_000001d9aebb8fc0_0_12;
L_000001d9aebb94c0 .concat [ 16 16 0 0], L_000001d9aebb9560, L_000001d9aebb8fc0;
    .scope S_000001d9ae9a4f30;
T_0 ;
    %wait E_000001d9ae9f7cc0;
    %load/vec4 v000001d9aeb55be0_0;
    %dup/vec4;
    %pushi/vec4 0, 0, 6;
    %cmp/u;
    %jmp/1 T_0.0, 6;
    %dup/vec4;
    %pushi/vec4 35, 0, 6;
    %cmp/u;
    %jmp/1 T_0.1, 6;
    %dup/vec4;
    %pushi/vec4 43, 0, 6;
    %cmp/u;
    %jmp/1 T_0.2, 6;
    %dup/vec4;
    %pushi/vec4 4, 0, 6;
    %cmp/u;
    %jmp/1 T_0.3, 6;
    %dup/vec4;
    %pushi/vec4 9, 0, 6;
    %cmp/u;
    %jmp/1 T_0.4, 6;
    %dup/vec4;
    %pushi/vec4 2, 0, 6;
    %cmp/u;
    %jmp/1 T_0.5, 6;
    %dup/vec4;
    %pushi/vec4 15, 0, 6;
    %cmp/u;
    %jmp/1 T_0.6, 6;
    %dup/vec4;
    %pushi/vec4 13, 0, 6;
    %cmp/u;
    %jmp/1 T_0.7, 6;
    %dup/vec4;
    %pushi/vec4 1, 0, 6;
    %cmp/u;
    %jmp/1 T_0.8, 6;
    %pushi/vec4 1, 1, 1;
    %store/vec4 v000001d9aeb54060_0, 0, 1;
    %pushi/vec4 31, 31, 5;
    %store/vec4 v000001d9aeb55780_0, 0, 5;
    %pushi/vec4 1, 1, 1;
    %store/vec4 v000001d9aeb54740_0, 0, 1;
    %pushi/vec4 1, 1, 1;
    %store/vec4 v000001d9aeb54ba0_0, 0, 1;
    %pushi/vec4 1, 1, 1;
    %store/vec4 v000001d9aeb54100_0, 0, 1;
    %pushi/vec4 1, 1, 1;
    %store/vec4 v000001d9aeb55b40_0, 0, 1;
    %pushi/vec4 1, 1, 1;
    %store/vec4 v000001d9aeb55320_0, 0, 1;
    %pushi/vec4 3, 0, 3;
    %store/vec4 v000001d9aeb55820_0, 0, 3;
    %jmp T_0.10;
T_0.0 ;
    %pushi/vec4 1, 0, 1;
    %store/vec4 v000001d9aeb54060_0, 0, 1;
    %load/vec4 v000001d9aeb54f60_0;
    %parti/s 5, 11, 5;
    %store/vec4 v000001d9aeb55780_0, 0, 5;
    %pushi/vec4 0, 0, 1;
    %store/vec4 v000001d9aeb54740_0, 0, 1;
    %pushi/vec4 0, 0, 1;
    %store/vec4 v000001d9aeb54ba0_0, 0, 1;
    %pushi/vec4 0, 0, 1;
    %store/vec4 v000001d9aeb54100_0, 0, 1;
    %pushi/vec4 0, 0, 1;
    %store/vec4 v000001d9aeb55b40_0, 0, 1;
    %pushi/vec4 0, 0, 1;
    %store/vec4 v000001d9aeb55320_0, 0, 1;
    %load/vec4 v000001d9aeb54600_0;
    %dup/vec4;
    %pushi/vec4 33, 0, 6;
    %cmp/u;
    %jmp/1 T_0.11, 6;
    %dup/vec4;
    %pushi/vec4 35, 0, 6;
    %cmp/u;
    %jmp/1 T_0.12, 6;
    %dup/vec4;
    %pushi/vec4 36, 0, 6;
    %cmp/u;
    %jmp/1 T_0.13, 6;
    %dup/vec4;
    %pushi/vec4 37, 0, 6;
    %cmp/u;
    %jmp/1 T_0.14, 6;
    %dup/vec4;
    %pushi/vec4 43, 0, 6;
    %cmp/u;
    %jmp/1 T_0.15, 6;
    %pushi/vec4 3, 0, 3;
    %store/vec4 v000001d9aeb55820_0, 0, 3;
    %jmp T_0.17;
T_0.11 ;
    %pushi/vec4 2, 0, 3;
    %store/vec4 v000001d9aeb55820_0, 0, 3;
    %jmp T_0.17;
T_0.12 ;
    %pushi/vec4 6, 0, 3;
    %store/vec4 v000001d9aeb55820_0, 0, 3;
    %jmp T_0.17;
T_0.13 ;
    %pushi/vec4 0, 0, 3;
    %store/vec4 v000001d9aeb55820_0, 0, 3;
    %jmp T_0.17;
T_0.14 ;
    %pushi/vec4 1, 0, 3;
    %store/vec4 v000001d9aeb55820_0, 0, 3;
    %jmp T_0.17;
T_0.15 ;
    %pushi/vec4 7, 0, 3;
    %store/vec4 v000001d9aeb55820_0, 0, 3;
    %jmp T_0.17;
T_0.17 ;
    %pop/vec4 1;
    %jmp T_0.10;
T_0.1 ;
    %load/vec4 v000001d9aeb55be0_0;
    %parti/s 1, 3, 3;
    %inv;
    %store/vec4 v000001d9aeb54060_0, 0, 1;
    %load/vec4 v000001d9aeb54f60_0;
    %parti/s 5, 16, 6;
    %store/vec4 v000001d9aeb55780_0, 0, 5;
    %pushi/vec4 1, 0, 1;
    %store/vec4 v000001d9aeb54740_0, 0, 1;
    %pushi/vec4 0, 0, 1;
    %store/vec4 v000001d9aeb54ba0_0, 0, 1;
    %load/vec4 v000001d9aeb55be0_0;
    %parti/s 1, 3, 3;
    %store/vec4 v000001d9aeb54100_0, 0, 1;
    %pushi/vec4 1, 0, 1;
    %store/vec4 v000001d9aeb55b40_0, 0, 1;
    %pushi/vec4 0, 0, 1;
    %store/vec4 v000001d9aeb55320_0, 0, 1;
    %pushi/vec4 2, 0, 3;
    %store/vec4 v000001d9aeb55820_0, 0, 3;
    %jmp T_0.10;
T_0.2 ;
    %load/vec4 v000001d9aeb55be0_0;
    %parti/s 1, 3, 3;
    %inv;
    %store/vec4 v000001d9aeb54060_0, 0, 1;
    %load/vec4 v000001d9aeb54f60_0;
    %parti/s 5, 16, 6;
    %store/vec4 v000001d9aeb55780_0, 0, 5;
    %pushi/vec4 1, 0, 1;
    %store/vec4 v000001d9aeb54740_0, 0, 1;
    %pushi/vec4 0, 0, 1;
    %store/vec4 v000001d9aeb54ba0_0, 0, 1;
    %load/vec4 v000001d9aeb55be0_0;
    %parti/s 1, 3, 3;
    %store/vec4 v000001d9aeb54100_0, 0, 1;
    %pushi/vec4 1, 0, 1;
    %store/vec4 v000001d9aeb55b40_0, 0, 1;
    %pushi/vec4 0, 0, 1;
    %store/vec4 v000001d9aeb55320_0, 0, 1;
    %pushi/vec4 2, 0, 3;
    %store/vec4 v000001d9aeb55820_0, 0, 3;
    %jmp T_0.10;
T_0.3 ;
    %pushi/vec4 0, 0, 1;
    %store/vec4 v000001d9aeb54060_0, 0, 1;
    %pushi/vec4 31, 31, 5;
    %store/vec4 v000001d9aeb55780_0, 0, 5;
    %pushi/vec4 0, 0, 1;
    %store/vec4 v000001d9aeb54740_0, 0, 1;
    %load/vec4 v000001d9aeb553c0_0;
    %store/vec4 v000001d9aeb54ba0_0, 0, 1;
    %pushi/vec4 0, 0, 1;
    %store/vec4 v000001d9aeb54100_0, 0, 1;
    %pushi/vec4 0, 0, 1;
    %store/vec4 v000001d9aeb55b40_0, 0, 1;
    %pushi/vec4 0, 0, 1;
    %store/vec4 v000001d9aeb55320_0, 0, 1;
    %pushi/vec4 6, 0, 3;
    %store/vec4 v000001d9aeb55820_0, 0, 3;
    %jmp T_0.10;
T_0.4 ;
    %pushi/vec4 1, 0, 1;
    %store/vec4 v000001d9aeb54060_0, 0, 1;
    %load/vec4 v000001d9aeb54f60_0;
    %parti/s 5, 16, 6;
    %store/vec4 v000001d9aeb55780_0, 0, 5;
    %pushi/vec4 1, 0, 1;
    %store/vec4 v000001d9aeb54740_0, 0, 1;
    %pushi/vec4 0, 0, 1;
    %store/vec4 v000001d9aeb54ba0_0, 0, 1;
    %pushi/vec4 0, 0, 1;
    %store/vec4 v000001d9aeb54100_0, 0, 1;
    %pushi/vec4 0, 0, 1;
    %store/vec4 v000001d9aeb55b40_0, 0, 1;
    %pushi/vec4 0, 0, 1;
    %store/vec4 v000001d9aeb55320_0, 0, 1;
    %pushi/vec4 2, 0, 3;
    %store/vec4 v000001d9aeb55820_0, 0, 3;
    %jmp T_0.10;
T_0.5 ;
    %pushi/vec4 0, 0, 1;
    %store/vec4 v000001d9aeb54060_0, 0, 1;
    %pushi/vec4 31, 31, 5;
    %store/vec4 v000001d9aeb55780_0, 0, 5;
    %pushi/vec4 0, 0, 1;
    %store/vec4 v000001d9aeb54740_0, 0, 1;
    %pushi/vec4 0, 0, 1;
    %store/vec4 v000001d9aeb54ba0_0, 0, 1;
    %pushi/vec4 0, 0, 1;
    %store/vec4 v000001d9aeb54100_0, 0, 1;
    %pushi/vec4 0, 0, 1;
    %store/vec4 v000001d9aeb55b40_0, 0, 1;
    %pushi/vec4 1, 0, 1;
    %store/vec4 v000001d9aeb55320_0, 0, 1;
    %pushi/vec4 3, 0, 3;
    %store/vec4 v000001d9aeb55820_0, 0, 3;
    %jmp T_0.10;
T_0.6 ;
    %pushi/vec4 1, 0, 1;
    %store/vec4 v000001d9aeb54060_0, 0, 1;
    %load/vec4 v000001d9aeb54f60_0;
    %parti/s 5, 16, 6;
    %store/vec4 v000001d9aeb55780_0, 0, 5;
    %pushi/vec4 1, 0, 1;
    %store/vec4 v000001d9aeb54740_0, 0, 1;
    %pushi/vec4 0, 0, 1;
    %store/vec4 v000001d9aeb54ba0_0, 0, 1;
    %pushi/vec4 0, 0, 1;
    %store/vec4 v000001d9aeb54100_0, 0, 1;
    %pushi/vec4 0, 0, 1;
    %store/vec4 v000001d9aeb55b40_0, 0, 1;
    %pushi/vec4 0, 0, 1;
    %store/vec4 v000001d9aeb55320_0, 0, 1;
    %pushi/vec4 2, 0, 3;
    %store/vec4 v000001d9aeb55820_0, 0, 3;
    %jmp T_0.10;
T_0.7 ;
    %pushi/vec4 1, 0, 1;
    %store/vec4 v000001d9aeb54060_0, 0, 1;
    %load/vec4 v000001d9aeb54f60_0;
    %parti/s 5, 16, 6;
    %store/vec4 v000001d9aeb55780_0, 0, 5;
    %pushi/vec4 1, 0, 1;
    %store/vec4 v000001d9aeb54740_0, 0, 1;
    %pushi/vec4 0, 0, 1;
    %store/vec4 v000001d9aeb54ba0_0, 0, 1;
    %pushi/vec4 0, 0, 1;
    %store/vec4 v000001d9aeb54100_0, 0, 1;
    %pushi/vec4 0, 0, 1;
    %store/vec4 v000001d9aeb55b40_0, 0, 1;
    %pushi/vec4 0, 0, 1;
    %store/vec4 v000001d9aeb55320_0, 0, 1;
    %pushi/vec4 1, 0, 3;
    %store/vec4 v000001d9aeb55820_0, 0, 3;
    %jmp T_0.10;
T_0.8 ;
    %pushi/vec4 0, 0, 1;
    %store/vec4 v000001d9aeb54060_0, 0, 1;
    %load/vec4 v000001d9aeb54f60_0;
    %parti/s 5, 16, 6;
    %store/vec4 v000001d9aeb55780_0, 0, 5;
    %pushi/vec4 0, 0, 1;
    %store/vec4 v000001d9aeb54740_0, 0, 1;
    %pushi/vec4 1, 0, 1;
    %store/vec4 v000001d9aeb54ba0_0, 0, 1;
    %pushi/vec4 0, 0, 1;
    %store/vec4 v000001d9aeb54100_0, 0, 1;
    %pushi/vec4 0, 0, 1;
    %store/vec4 v000001d9aeb55b40_0, 0, 1;
    %pushi/vec4 0, 0, 1;
    %store/vec4 v000001d9aeb55320_0, 0, 1;
    %pushi/vec4 7, 0, 3;
    %store/vec4 v000001d9aeb55820_0, 0, 3;
    %jmp T_0.10;
T_0.10 ;
    %pop/vec4 1;
    %jmp T_0;
    .thread T_0, $push;
    .scope S_000001d9aeb2d990;
T_1 ;
    %wait E_000001d9ae9f8380;
    %load/vec4 v000001d9aeb5ba30_0;
    %flag_set/vec4 8;
    %jmp/0xz  T_1.0, 8;
    %pushi/vec4 4194304, 0, 32;
    %assign/vec4 v000001d9aeb5b7b0_0, 0;
    %jmp T_1.1;
T_1.0 ;
    %load/vec4 v000001d9aeb5a9f0_0;
    %assign/vec4 v000001d9aeb5b7b0_0, 0;
T_1.1 ;
    %jmp T_1;
    .thread T_1;
    .scope S_000001d9ae9d1a70;
T_2 ;
    %wait E_000001d9ae9f8380;
    %load/vec4 v000001d9aeb59c00_0;
    %flag_set/vec4 8;
    %jmp/0xz  T_2.0, 8;
    %load/vec4 v000001d9aeb593e0_0;
    %load/vec4 v000001d9aeb59d40_0;
    %pad/u 7;
    %ix/vec4 3;
    %ix/load 4, 0, 0; Constant delay
    %assign/vec4/a/d v000001d9aeb588a0, 0, 4;
T_2.0 ;
    %jmp T_2;
    .thread T_2;
    .scope S_000001d9ae9ab660;
T_3 ;
    %wait E_000001d9ae9f8380;
    %load/vec4 v000001d9aeb55640_0;
    %flag_set/vec4 8;
    %jmp/0xz  T_3.0, 8;
    %load/vec4 v000001d9aeb55aa0_0;
    %load/vec4 v000001d9aeb555a0_0;
    %pad/u 8;
    %ix/vec4 3;
    %ix/load 4, 0, 0; Constant delay
    %assign/vec4/a/d v000001d9aeb55dc0, 0, 4;
T_3.0 ;
    %jmp T_3;
    .thread T_3;
    .scope S_000001d9ae9aef30;
T_4 ;
    %vpi_call 2 21 "$dumpfile", "simres.vcd" {0 0 0};
    %vpi_call 2 22 "$dumpvars", 32'sb00000000000000000000000000000000, &A<v000001d9aeb55960, 0> {0 0 0};
    %vpi_call 2 23 "$dumpvars", 32'sb00000000000000000000000000000000, &A<v000001d9aeb55dc0, 0> {0 0 0};
    %vpi_call 2 24 "$dumpvars", 32'sb00000000000000000000000000000000, v000001d9aeb5ca00_0 {0 0 0};
    %vpi_call 2 25 "$dumpvars", 32'sb00000000000000000000000000000000, v000001d9aeb5db80_0 {0 0 0};
    %vpi_call 2 26 "$dumpvars", 32'sb00000000000000000000000000000000, v000001d9aeb5cf00_0 {0 0 0};
    %vpi_call 2 27 "$dumpvars", 32'sb00000000000000000000000000000000, v000001d9aeb5d680_0 {0 0 0};
    %vpi_call 2 28 "$dumpvars", 32'sb00000000000000000000000000000000, v000001d9aeb5cb40_0 {0 0 0};
    %vpi_call 2 29 "$dumpvars", 32'sb00000000000000000000000000000000, v000001d9aeb5d4a0_0 {0 0 0};
    %vpi_call 2 30 "$dumpvars", 32'sb00000000000000000000000000000000, S_000001d9ae9a4da0 {0 0 0};
    %vpi_call 2 31 "$dumpvars", 32'sb00000000000000000000000000000000, S_000001d9ae9a4f30 {0 0 0};
    %vpi_call 2 32 "$dumpvars", 32'sb00000000000000000000000000000000, S_000001d9ae9d50b0 {0 0 0};
    %vpi_call 2 33 "$dumpvars", 32'sb00000000000000000000000000000000, S_000001d9ae9d1a70 {0 0 0};
    %pushi/vec4 0, 0, 32;
    %store/vec4 v000001d9aeb5c960_0, 0, 32;
T_4.0 ;
    %load/vec4 v000001d9aeb5c960_0;
    %cmpi/s 32, 0, 32;
    %jmp/0xz T_4.1, 5;
    %vpi_call 2 35 "$dumpvars", 32'sb00000000000000000000000000000000, &A<v000001d9aeb588a0, v000001d9aeb5c960_0 > {0 0 0};
    %load/vec4 v000001d9aeb5c960_0;
    %addi 1, 0, 32;
    %store/vec4 v000001d9aeb5c960_0, 0, 32;
    %jmp T_4.0;
T_4.1 ;
    %delay 1, 0;
    %vpi_call 2 37 "$finish" {0 0 0};
    %end;
    .thread T_4;
# The file index is used to find the file name in the following table.
:file_names 8;
    "N/A";
    "<interactive>";
    "SanitizerMain.v";
    "Datapath.v";
    "Processor.v";
    "Memory.v";
    "Core.v";
    "Decoder.v";
